Classic Timing Analyzer report for part3
Sun Sep 24 21:58:24 2017
Quartus II 64-Bit Version 9.1 Build 350 03/24/2010 Service Pack 2 SJ Full Version


---------------------
; Table of Contents ;
---------------------
  1. Legal Notice
  2. Timing Analyzer Summary
  3. Timing Analyzer Settings
  4. Parallel Compilation
  5. tpd
  6. Timing Analyzer Messages



----------------
; Legal Notice ;
----------------
Copyright (C) 1991-2010 Altera Corporation
Your use of Altera Corporation's design tools, logic functions 
and other software and tools, and its AMPP partner logic 
functions, and any output files from any of the foregoing 
(including device programming or simulation files), and any 
associated documentation or information are expressly subject 
to the terms and conditions of the Altera Program License 
Subscription Agreement, Altera MegaCore Function License 
Agreement, or other applicable license agreement, including, 
without limitation, that your use is for the sole purpose of 
programming logic devices manufactured by Altera and sold by 
Altera or its authorized distributors.  Please refer to the 
applicable agreement for further details.



+----------------------------------------------------------------------------------------------------------------------------+
; Timing Analyzer Summary                                                                                                    ;
+------------------------------+-------+---------------+-------------+------+---------+------------+----------+--------------+
; Type                         ; Slack ; Required Time ; Actual Time ; From ; To      ; From Clock ; To Clock ; Failed Paths ;
+------------------------------+-------+---------------+-------------+------+---------+------------+----------+--------------+
; Worst-case tpd               ; N/A   ; None          ; 7.470 ns    ; c1   ; HEX0[0] ; --         ; --       ; 0            ;
; Total number of failed paths ;       ;               ;             ;      ;         ;            ;          ; 0            ;
+------------------------------+-------+---------------+-------------+------+---------+------------+----------+--------------+


+-----------------------------------------------------------------------------------------------------------------------------------------------------+
; Timing Analyzer Settings                                                                                                                            ;
+------------------------------------------------------------------------------------------------------+--------------------+------+----+-------------+
; Option                                                                                               ; Setting            ; From ; To ; Entity Name ;
+------------------------------------------------------------------------------------------------------+--------------------+------+----+-------------+
; Device Name                                                                                          ; EP2C35F672C6       ;      ;    ;             ;
; Timing Models                                                                                        ; Final              ;      ;    ;             ;
; Default hold multicycle                                                                              ; Same as Multicycle ;      ;    ;             ;
; Cut paths between unrelated clock domains                                                            ; On                 ;      ;    ;             ;
; Cut off read during write signal paths                                                               ; On                 ;      ;    ;             ;
; Cut off feedback from I/O pins                                                                       ; On                 ;      ;    ;             ;
; Report Combined Fast/Slow Timing                                                                     ; Off                ;      ;    ;             ;
; Ignore Clock Settings                                                                                ; Off                ;      ;    ;             ;
; Analyze latches as synchronous elements                                                              ; On                 ;      ;    ;             ;
; Enable Recovery/Removal analysis                                                                     ; Off                ;      ;    ;             ;
; Enable Clock Latency                                                                                 ; Off                ;      ;    ;             ;
; Use TimeQuest Timing Analyzer                                                                        ; Off                ;      ;    ;             ;
; Minimum Core Junction Temperature                                                                    ; 0                  ;      ;    ;             ;
; Maximum Core Junction Temperature                                                                    ; 85                 ;      ;    ;             ;
; Number of source nodes to report per destination node                                                ; 10                 ;      ;    ;             ;
; Number of destination nodes to report                                                                ; 10                 ;      ;    ;             ;
; Number of paths to report                                                                            ; 200                ;      ;    ;             ;
; Report Minimum Timing Checks                                                                         ; Off                ;      ;    ;             ;
; Use Fast Timing Models                                                                               ; Off                ;      ;    ;             ;
; Report IO Paths Separately                                                                           ; Off                ;      ;    ;             ;
; Perform Multicorner Analysis                                                                         ; On                 ;      ;    ;             ;
; Reports the worst-case path for each clock domain and analysis                                       ; Off                ;      ;    ;             ;
; Reports worst-case timing paths for each clock domain and analysis                                   ; On                 ;      ;    ;             ;
; Specifies the maximum number of worst-case timing paths to report for each clock domain and analysis ; 100                ;      ;    ;             ;
; Removes common clock path pessimism (CCPP) during slack computation                                  ; Off                ;      ;    ;             ;
; Output I/O Timing Endpoint                                                                           ; Near End           ;      ;    ;             ;
+------------------------------------------------------------------------------------------------------+--------------------+------+----+-------------+


+------------------------------------------+
; Parallel Compilation                     ;
+----------------------------+-------------+
; Processors                 ; Number      ;
+----------------------------+-------------+
; Number detected on machine ; 2           ;
; Maximum allowed            ; 2           ;
;                            ;             ;
; Average used               ; 1.00        ;
; Maximum used               ; 1           ;
;                            ;             ;
; Usage by Processor         ; % Time Used ;
;     1 processor            ; 100.0%      ;
;     2 processors           ;   0.0%      ;
+----------------------------+-------------+


+--------------------------------------------------------------+
; tpd                                                          ;
+-------+-------------------+-----------------+------+---------+
; Slack ; Required P2P Time ; Actual P2P Time ; From ; To      ;
+-------+-------------------+-----------------+------+---------+
; N/A   ; None              ; 7.470 ns        ; c1   ; HEX0[0] ;
; N/A   ; None              ; 7.436 ns        ; c1   ; HEX0[2] ;
; N/A   ; None              ; 7.425 ns        ; c1   ; HEX0[1] ;
; N/A   ; None              ; 7.213 ns        ; c1   ; HEX0[3] ;
; N/A   ; None              ; 7.208 ns        ; c1   ; HEX0[4] ;
; N/A   ; None              ; 7.166 ns        ; c0   ; HEX0[0] ;
; N/A   ; None              ; 7.154 ns        ; c1   ; HEX0[5] ;
; N/A   ; None              ; 7.132 ns        ; c0   ; HEX0[2] ;
; N/A   ; None              ; 6.909 ns        ; c0   ; HEX0[3] ;
; N/A   ; None              ; 6.902 ns        ; c0   ; HEX0[4] ;
; N/A   ; None              ; 6.895 ns        ; c0   ; HEX0[5] ;
; N/A   ; None              ; 6.866 ns        ; c2   ; HEX0[0] ;
; N/A   ; None              ; 6.832 ns        ; c2   ; HEX0[2] ;
; N/A   ; None              ; 6.827 ns        ; c2   ; HEX0[1] ;
; N/A   ; None              ; 6.609 ns        ; c2   ; HEX0[3] ;
; N/A   ; None              ; 6.607 ns        ; c2   ; HEX0[4] ;
; N/A   ; None              ; 6.598 ns        ; c2   ; HEX0[5] ;
; N/A   ; None              ; 5.731 ns        ; c2   ; HEX0[6] ;
+-------+-------------------+-----------------+------+---------+


+--------------------------+
; Timing Analyzer Messages ;
+--------------------------+
Info: *******************************************************************
Info: Running Quartus II 64-Bit Classic Timing Analyzer
    Info: Version 9.1 Build 350 03/24/2010 Service Pack 2 SJ Full Version
    Info: Processing started: Sun Sep 24 21:58:24 2017
Info: Command: quartus_tan --read_settings_files=off --write_settings_files=off part3 -c part3 --timing_analysis_only
Info: Parallel compilation is enabled and will use 2 of the 2 processors detected
Info: Longest tpd from source pin "c1" to destination pin "HEX0[0]" is 7.470 ns
    Info: 1: + IC(0.000 ns) + CELL(0.999 ns) = 0.999 ns; Loc. = PIN_N26; Fanout = 5; PIN Node = 'c1'
    Info: 2: + IC(2.421 ns) + CELL(0.420 ns) = 3.840 ns; Loc. = LCCOMB_X28_Y1_N16; Fanout = 2; COMB Node = 'HEX0~0'
    Info: 3: + IC(0.832 ns) + CELL(2.798 ns) = 7.470 ns; Loc. = PIN_AF10; Fanout = 0; PIN Node = 'HEX0[0]'
    Info: Total cell delay = 4.217 ns ( 56.45 % )
    Info: Total interconnect delay = 3.253 ns ( 43.55 % )
Info: Quartus II 64-Bit Classic Timing Analyzer was successful. 0 errors, 0 warnings
    Info: Peak virtual memory: 239 megabytes
    Info: Processing ended: Sun Sep 24 21:58:24 2017
    Info: Elapsed time: 00:00:00
    Info: Total CPU time (on all processors): 00:00:00


