TimeQuest Timing Analyzer report for part3
Tue Oct 03 20:47:17 2017
Quartus II 64-Bit Version 12.1 Build 243 01/31/2013 Service Pack 1 SJ Web Edition


---------------------
; Table of Contents ;
---------------------
  1. Legal Notice
  2. TimeQuest Timing Analyzer Summary
  3. Parallel Compilation
  4. Clocks
  5. Slow Model Fmax Summary
  6. Slow Model Setup Summary
  7. Slow Model Hold Summary
  8. Slow Model Recovery Summary
  9. Slow Model Removal Summary
 10. Slow Model Minimum Pulse Width Summary
 11. Propagation Delay
 12. Minimum Propagation Delay
 13. Fast Model Setup Summary
 14. Fast Model Hold Summary
 15. Fast Model Recovery Summary
 16. Fast Model Removal Summary
 17. Fast Model Minimum Pulse Width Summary
 18. Propagation Delay
 19. Minimum Propagation Delay
 20. Multicorner Timing Analysis Summary
 21. Progagation Delay
 22. Minimum Progagation Delay
 23. Clock Transfers
 24. Report TCCS
 25. Report RSKM
 26. Unconstrained Paths
 27. TimeQuest Timing Analyzer Messages



----------------
; Legal Notice ;
----------------
Copyright (C) 1991-2012 Altera Corporation
Your use of Altera Corporation's design tools, logic functions 
and other software and tools, and its AMPP partner logic 
functions, and any output files from any of the foregoing 
(including device programming or simulation files), and any 
associated documentation or information are expressly subject 
to the terms and conditions of the Altera Program License 
Subscription Agreement, Altera MegaCore Function License 
Agreement, or other applicable license agreement, including, 
without limitation, that your use is for the sole purpose of 
programming logic devices manufactured by Altera and sold by 
Altera or its authorized distributors.  Please refer to the 
applicable agreement for further details.



+--------------------------------------------------------------------------------------+
; TimeQuest Timing Analyzer Summary                                                    ;
+--------------------+-----------------------------------------------------------------+
; Quartus II Version ; Version 12.1 Build 243 01/31/2013 Service Pack 1 SJ Web Edition ;
; Revision Name      ; part3                                                           ;
; Device Family      ; Cyclone II                                                      ;
; Device Name        ; EP2C35F672C6                                                    ;
; Timing Models      ; Final                                                           ;
; Delay Model        ; Combined                                                        ;
; Rise/Fall Delays   ; Unavailable                                                     ;
+--------------------+-----------------------------------------------------------------+


Parallel compilation was disabled, but you have multiple processors available. Enable parallel compilation to reduce compilation time.
+-------------------------------------+
; Parallel Compilation                ;
+----------------------------+--------+
; Processors                 ; Number ;
+----------------------------+--------+
; Number detected on machine ; 4      ;
; Maximum allowed            ; 1      ;
+----------------------------+--------+


----------
; Clocks ;
----------
No clocks to report.


---------------------------
; Slow Model Fmax Summary ;
---------------------------
No paths to report.


----------------------------
; Slow Model Setup Summary ;
----------------------------
No paths to report.


---------------------------
; Slow Model Hold Summary ;
---------------------------
No paths to report.


-------------------------------
; Slow Model Recovery Summary ;
-------------------------------
No paths to report.


------------------------------
; Slow Model Removal Summary ;
------------------------------
No paths to report.


------------------------------------------
; Slow Model Minimum Pulse Width Summary ;
------------------------------------------
No paths to report.


+--------------------------------------------------------------+
; Propagation Delay                                            ;
+------------+-------------+--------+--------+--------+--------+
; Input Port ; Output Port ; RR     ; RF     ; FR     ; FF     ;
+------------+-------------+--------+--------+--------+--------+
; A[0]       ; Z[0]        ; 11.099 ; 11.099 ; 11.099 ; 11.099 ;
; A[0]       ; Z[1]        ; 13.015 ; 13.015 ; 13.015 ; 13.015 ;
; A[0]       ; Z[2]        ; 12.066 ; 12.066 ; 12.066 ; 12.066 ;
; A[0]       ; Z[3]        ; 12.224 ; 12.224 ; 12.224 ; 12.224 ;
; A[0]       ; Z[4]        ; 12.800 ; 12.800 ; 12.800 ; 12.800 ;
; A[0]       ; Z[5]        ; 9.969  ; 9.969  ; 9.969  ; 9.969  ;
; A[0]       ; Z[6]        ; 10.338 ; 10.338 ; 10.338 ; 10.338 ;
; A[0]       ; Z[7]        ; 10.509 ; 10.509 ; 10.509 ; 10.509 ;
; A[1]       ; Z[0]        ; 10.831 ; 10.831 ; 10.831 ; 10.831 ;
; A[1]       ; Z[1]        ; 12.747 ; 12.747 ; 12.747 ; 12.747 ;
; A[1]       ; Z[2]        ; 11.798 ; 11.798 ; 11.798 ; 11.798 ;
; A[1]       ; Z[3]        ; 11.956 ; 11.956 ; 11.956 ; 11.956 ;
; A[1]       ; Z[4]        ; 12.532 ; 12.532 ; 12.532 ; 12.532 ;
; A[1]       ; Z[5]        ; 9.901  ; 9.901  ; 9.901  ; 9.901  ;
; A[1]       ; Z[6]        ; 10.270 ; 10.270 ; 10.270 ; 10.270 ;
; A[1]       ; Z[7]        ; 10.441 ; 10.441 ; 10.441 ; 10.441 ;
; A[2]       ; Z[0]        ; 10.957 ; 10.957 ; 10.957 ; 10.957 ;
; A[2]       ; Z[1]        ; 12.873 ; 12.873 ; 12.873 ; 12.873 ;
; A[2]       ; Z[2]        ; 11.924 ; 11.924 ; 11.924 ; 11.924 ;
; A[2]       ; Z[3]        ; 12.082 ; 12.082 ; 12.082 ; 12.082 ;
; A[2]       ; Z[4]        ; 12.658 ; 12.658 ; 12.658 ; 12.658 ;
; A[2]       ; Z[5]        ; 9.860  ; 9.860  ; 9.860  ; 9.860  ;
; A[2]       ; Z[6]        ; 10.229 ; 10.229 ; 10.229 ; 10.229 ;
; A[2]       ; Z[7]        ; 10.400 ; 10.400 ; 10.400 ; 10.400 ;
; A[3]       ; Z[0]        ; 10.924 ; 10.924 ; 10.924 ; 10.924 ;
; A[3]       ; Z[1]        ; 12.840 ; 12.840 ; 12.840 ; 12.840 ;
; A[3]       ; Z[2]        ; 11.891 ; 11.891 ; 11.891 ; 11.891 ;
; A[3]       ; Z[3]        ; 12.024 ; 12.024 ; 12.024 ; 12.024 ;
; A[3]       ; Z[4]        ; 12.600 ; 12.600 ; 12.600 ; 12.600 ;
; A[3]       ; Z[5]        ; 9.831  ; 9.831  ; 9.831  ; 9.831  ;
; A[3]       ; Z[6]        ; 10.200 ; 10.200 ; 10.200 ; 10.200 ;
; A[3]       ; Z[7]        ; 10.371 ; 10.371 ; 10.371 ; 10.371 ;
; A[4]       ; Z[0]        ; 11.048 ; 11.048 ; 11.048 ; 11.048 ;
; A[4]       ; Z[1]        ; 12.964 ; 12.964 ; 12.964 ; 12.964 ;
; A[4]       ; Z[2]        ; 12.015 ; 12.015 ; 12.015 ; 12.015 ;
; A[4]       ; Z[3]        ; 12.143 ; 12.143 ; 12.143 ; 12.143 ;
; A[4]       ; Z[4]        ; 12.719 ; 12.719 ; 12.719 ; 12.719 ;
; A[4]       ; Z[5]        ; 9.649  ; 9.649  ; 9.649  ; 9.649  ;
; A[4]       ; Z[6]        ; 10.018 ; 10.018 ; 10.018 ; 10.018 ;
; A[4]       ; Z[7]        ; 10.189 ; 10.189 ; 10.189 ; 10.189 ;
; A[5]       ; Z[0]        ; 14.838 ; 14.838 ; 14.838 ; 14.838 ;
; A[5]       ; Z[1]        ; 16.754 ; 16.754 ; 16.754 ; 16.754 ;
; A[5]       ; Z[2]        ; 15.805 ; 15.805 ; 15.805 ; 15.805 ;
; A[5]       ; Z[3]        ; 15.938 ; 15.938 ; 15.938 ; 15.938 ;
; A[5]       ; Z[4]        ; 16.514 ; 16.514 ; 16.514 ; 16.514 ;
; A[5]       ; Z[5]        ; 13.127 ; 13.127 ; 13.127 ; 13.127 ;
; A[5]       ; Z[6]        ; 13.812 ; 13.812 ; 13.812 ; 13.812 ;
; A[5]       ; Z[7]        ; 13.983 ; 13.983 ; 13.983 ; 13.983 ;
; A[6]       ; Z[0]        ; 14.056 ; 14.056 ; 14.056 ; 14.056 ;
; A[6]       ; Z[1]        ; 15.972 ; 15.972 ; 15.972 ; 15.972 ;
; A[6]       ; Z[2]        ; 15.023 ; 15.023 ; 15.023 ; 15.023 ;
; A[6]       ; Z[3]        ; 15.031 ; 15.031 ; 15.031 ; 15.031 ;
; A[6]       ; Z[4]        ; 15.607 ; 15.607 ; 15.607 ; 15.607 ;
; A[6]       ; Z[6]        ; 13.121 ; 13.121 ; 13.121 ; 13.121 ;
; A[6]       ; Z[7]        ; 13.604 ; 13.604 ; 13.604 ; 13.604 ;
; A[7]       ; Z[0]        ; 13.764 ; 13.764 ; 13.764 ; 13.764 ;
; A[7]       ; Z[1]        ; 15.680 ; 15.680 ; 15.680 ; 15.680 ;
; A[7]       ; Z[2]        ; 14.731 ; 14.731 ; 14.731 ; 14.731 ;
; A[7]       ; Z[3]        ; 14.743 ; 14.743 ; 14.743 ; 14.743 ;
; A[7]       ; Z[4]        ; 15.319 ; 15.319 ; 15.319 ; 15.319 ;
; A[7]       ; Z[7]        ; 13.239 ; 13.239 ; 13.239 ; 13.239 ;
; B[0]       ; Z[0]        ; 9.521  ; 9.521  ; 9.521  ; 9.521  ;
; B[0]       ; Z[1]        ; 11.970 ; 11.970 ; 11.970 ; 11.970 ;
; B[0]       ; Z[2]        ; 11.056 ; 11.056 ; 11.056 ; 11.056 ;
; B[0]       ; Z[3]        ; 10.918 ; 10.918 ; 10.918 ; 10.918 ;
; B[0]       ; Z[4]        ; 11.210 ; 11.210 ; 11.210 ; 11.210 ;
; B[0]       ; Z[5]        ; 9.435  ; 9.435  ; 9.435  ; 9.435  ;
; B[0]       ; Z[6]        ; 9.804  ; 9.804  ; 9.804  ; 9.804  ;
; B[0]       ; Z[7]        ; 9.975  ; 9.975  ; 9.975  ; 9.975  ;
; B[1]       ; Z[0]        ; 9.847  ; 9.847  ; 9.847  ; 9.847  ;
; B[1]       ; Z[1]        ; 12.296 ; 12.296 ; 12.296 ; 12.296 ;
; B[1]       ; Z[2]        ; 11.382 ; 11.382 ; 11.382 ; 11.382 ;
; B[1]       ; Z[3]        ; 11.244 ; 11.244 ; 11.244 ; 11.244 ;
; B[1]       ; Z[4]        ; 11.536 ; 11.536 ; 11.536 ; 11.536 ;
; B[1]       ; Z[5]        ; 8.991  ; 8.991  ; 8.991  ; 8.991  ;
; B[1]       ; Z[6]        ; 9.360  ; 9.360  ; 9.360  ; 9.360  ;
; B[1]       ; Z[7]        ; 9.531  ; 9.531  ; 9.531  ; 9.531  ;
; B[2]       ; Z[0]        ; 9.109  ; 9.109  ; 9.109  ; 9.109  ;
; B[2]       ; Z[1]        ; 11.558 ; 11.558 ; 11.558 ; 11.558 ;
; B[2]       ; Z[2]        ; 10.644 ; 10.644 ; 10.644 ; 10.644 ;
; B[2]       ; Z[3]        ; 10.506 ; 10.506 ; 10.506 ; 10.506 ;
; B[2]       ; Z[4]        ; 10.798 ; 10.798 ; 10.798 ; 10.798 ;
; B[2]       ; Z[5]        ; 9.023  ; 9.023  ; 9.023  ; 9.023  ;
; B[2]       ; Z[6]        ; 9.392  ; 9.392  ; 9.392  ; 9.392  ;
; B[2]       ; Z[7]        ; 9.563  ; 9.563  ; 9.563  ; 9.563  ;
; B[3]       ; Z[0]        ; 9.118  ; 9.118  ; 9.118  ; 9.118  ;
; B[3]       ; Z[1]        ; 11.277 ; 11.277 ; 11.277 ; 11.277 ;
; B[3]       ; Z[2]        ; 10.363 ; 10.363 ; 10.363 ; 10.363 ;
; B[3]       ; Z[3]        ; 10.225 ; 10.225 ; 10.225 ; 10.225 ;
; B[3]       ; Z[4]        ; 10.517 ; 10.517 ; 10.517 ; 10.517 ;
; B[3]       ; Z[5]        ; 9.067  ; 9.067  ; 9.067  ; 9.067  ;
; B[3]       ; Z[6]        ; 9.436  ; 9.436  ; 9.436  ; 9.436  ;
; B[3]       ; Z[7]        ; 9.607  ; 9.607  ; 9.607  ; 9.607  ;
; B[4]       ; Z[0]        ; 9.561  ; 9.561  ; 9.561  ; 9.561  ;
; B[4]       ; Z[1]        ; 11.720 ; 11.720 ; 11.720 ; 11.720 ;
; B[4]       ; Z[2]        ; 10.806 ; 10.806 ; 10.806 ; 10.806 ;
; B[4]       ; Z[3]        ; 10.668 ; 10.668 ; 10.668 ; 10.668 ;
; B[4]       ; Z[4]        ; 10.960 ; 10.960 ; 10.960 ; 10.960 ;
; B[4]       ; Z[5]        ; 9.231  ; 9.231  ; 9.231  ; 9.231  ;
; B[4]       ; Z[6]        ; 9.600  ; 9.600  ; 9.600  ; 9.600  ;
; B[4]       ; Z[7]        ; 9.771  ; 9.771  ; 9.771  ; 9.771  ;
; B[5]       ; Z[0]        ; 9.285  ; 9.285  ; 9.285  ; 9.285  ;
; B[5]       ; Z[1]        ; 11.444 ; 11.444 ; 11.444 ; 11.444 ;
; B[5]       ; Z[2]        ; 10.530 ; 10.530 ; 10.530 ; 10.530 ;
; B[5]       ; Z[3]        ; 10.392 ; 10.392 ; 10.392 ; 10.392 ;
; B[5]       ; Z[4]        ; 10.684 ; 10.684 ; 10.684 ; 10.684 ;
; B[5]       ; Z[5]        ; 8.898  ; 8.898  ; 8.898  ; 8.898  ;
; B[5]       ; Z[6]        ; 9.582  ; 9.582  ; 9.582  ; 9.582  ;
; B[5]       ; Z[7]        ; 9.753  ; 9.753  ; 9.753  ; 9.753  ;
; B[6]       ; Z[0]        ; 9.119  ; 9.119  ; 9.119  ; 9.119  ;
; B[6]       ; Z[1]        ; 11.282 ; 11.282 ; 11.282 ; 11.282 ;
; B[6]       ; Z[2]        ; 10.368 ; 10.368 ; 10.368 ; 10.368 ;
; B[6]       ; Z[3]        ; 10.230 ; 10.230 ; 10.230 ; 10.230 ;
; B[6]       ; Z[4]        ; 10.522 ; 10.522 ; 10.522 ; 10.522 ;
; B[6]       ; Z[6]        ; 8.801  ; 8.801  ; 8.801  ; 8.801  ;
; B[6]       ; Z[7]        ; 9.287  ; 9.287  ; 9.287  ; 9.287  ;
; B[7]       ; Z[0]        ; 9.675  ; 9.675  ; 9.675  ; 9.675  ;
; B[7]       ; Z[1]        ; 11.591 ; 11.591 ; 11.591 ; 11.591 ;
; B[7]       ; Z[2]        ; 10.646 ; 10.646 ; 10.646 ; 10.646 ;
; B[7]       ; Z[3]        ; 10.539 ; 10.539 ; 10.539 ; 10.539 ;
; B[7]       ; Z[4]        ; 10.831 ; 10.831 ; 10.831 ; 10.831 ;
; B[7]       ; Z[7]        ; 9.662  ; 9.662  ; 9.662  ; 9.662  ;
; Q[0]       ; Z[0]        ; 13.701 ; 11.781 ; 11.781 ; 13.701 ;
; Q[0]       ; Z[1]        ; 13.490 ; 12.382 ; 12.382 ; 13.490 ;
; Q[0]       ; Z[2]        ; 13.749 ; 11.823 ; 11.823 ; 13.749 ;
; Q[0]       ; Z[3]        ; 13.600 ; 12.018 ; 12.018 ; 13.600 ;
; Q[0]       ; Z[4]        ; 11.942 ; 11.835 ; 11.835 ; 11.942 ;
; Q[0]       ; Z[5]        ; 11.891 ; 11.891 ; 11.891 ; 11.891 ;
; Q[0]       ; Z[6]        ; 12.475 ; 12.475 ; 12.475 ; 12.475 ;
; Q[0]       ; Z[7]        ; 12.613 ; 12.613 ; 12.613 ; 12.613 ;
; Q[1]       ; Z[0]        ; 12.740 ; 13.579 ; 13.579 ; 12.740 ;
; Q[1]       ; Z[1]        ; 13.672 ; 13.672 ; 13.672 ; 13.672 ;
; Q[1]       ; Z[2]        ; 12.678 ; 13.627 ; 13.627 ; 12.678 ;
; Q[1]       ; Z[3]        ; 13.039 ; 13.478 ; 13.478 ; 13.039 ;
; Q[1]       ; Z[4]        ; 12.482 ; 12.482 ; 12.482 ; 12.482 ;
; Q[1]       ; Z[5]        ; 10.948 ; 10.948 ; 10.948 ; 10.948 ;
; Q[1]       ; Z[6]        ; 10.926 ; 10.926 ; 10.926 ; 10.926 ;
; Q[1]       ; Z[7]        ; 10.926 ; 10.926 ; 10.926 ; 10.926 ;
; Q[2]       ; Z[0]        ; 12.850 ; 12.850 ; 12.850 ; 12.850 ;
; Q[2]       ; Z[1]        ; 13.651 ; 13.651 ; 13.651 ; 13.651 ;
; Q[2]       ; Z[2]        ; 12.789 ; 12.789 ; 12.789 ; 12.789 ;
; Q[2]       ; Z[3]        ; 12.872 ; 12.872 ; 12.872 ; 12.872 ;
; Q[2]       ; Z[4]        ; 12.362 ; 12.362 ; 12.362 ; 12.362 ;
; Q[2]       ; Z[5]        ; 12.197 ; 12.197 ; 12.197 ; 12.197 ;
; Q[2]       ; Z[6]        ; 12.286 ; 12.286 ; 12.286 ; 12.286 ;
; Q[2]       ; Z[7]        ; 12.248 ; 12.248 ; 12.248 ; 12.248 ;
+------------+-------------+--------+--------+--------+--------+


+--------------------------------------------------------------+
; Minimum Propagation Delay                                    ;
+------------+-------------+--------+--------+--------+--------+
; Input Port ; Output Port ; RR     ; RF     ; FR     ; FF     ;
+------------+-------------+--------+--------+--------+--------+
; A[0]       ; Z[0]        ; 8.887  ; 9.458  ; 9.458  ; 8.887  ;
; A[0]       ; Z[1]        ; 10.837 ; 10.837 ; 10.837 ; 10.837 ;
; A[0]       ; Z[2]        ; 10.848 ; 10.848 ; 10.848 ; 10.848 ;
; A[0]       ; Z[3]        ; 10.984 ; 10.984 ; 10.984 ; 10.984 ;
; A[0]       ; Z[4]        ; 9.910  ; 9.910  ; 9.910  ; 9.910  ;
; A[0]       ; Z[5]        ; 9.969  ; 9.969  ; 9.969  ; 9.969  ;
; A[0]       ; Z[6]        ; 10.338 ; 10.338 ; 10.338 ; 10.338 ;
; A[0]       ; Z[7]        ; 10.509 ; 10.509 ; 10.509 ; 10.509 ;
; A[1]       ; Z[0]        ; 10.562 ; 10.562 ; 10.562 ; 10.562 ;
; A[1]       ; Z[1]        ; 8.409  ; 8.806  ; 8.806  ; 8.409  ;
; A[1]       ; Z[2]        ; 10.780 ; 10.780 ; 10.780 ; 10.780 ;
; A[1]       ; Z[3]        ; 10.717 ; 10.717 ; 10.717 ; 10.717 ;
; A[1]       ; Z[4]        ; 9.842  ; 9.842  ; 9.842  ; 9.842  ;
; A[1]       ; Z[5]        ; 9.901  ; 9.901  ; 9.901  ; 9.901  ;
; A[1]       ; Z[6]        ; 10.270 ; 10.270 ; 10.270 ; 10.270 ;
; A[1]       ; Z[7]        ; 10.441 ; 10.441 ; 10.441 ; 10.441 ;
; A[2]       ; Z[0]        ; 10.688 ; 10.688 ; 10.688 ; 10.688 ;
; A[2]       ; Z[1]        ; 10.694 ; 10.694 ; 10.694 ; 10.694 ;
; A[2]       ; Z[2]        ; 8.721  ; 9.560  ; 9.560  ; 8.721  ;
; A[2]       ; Z[3]        ; 10.841 ; 10.841 ; 10.841 ; 10.841 ;
; A[2]       ; Z[4]        ; 9.801  ; 9.801  ; 9.801  ; 9.801  ;
; A[2]       ; Z[5]        ; 9.860  ; 9.860  ; 9.860  ; 9.860  ;
; A[2]       ; Z[6]        ; 10.229 ; 10.229 ; 10.229 ; 10.229 ;
; A[2]       ; Z[7]        ; 10.400 ; 10.400 ; 10.400 ; 10.400 ;
; A[3]       ; Z[0]        ; 10.655 ; 10.655 ; 10.655 ; 10.655 ;
; A[3]       ; Z[1]        ; 10.518 ; 10.518 ; 10.518 ; 10.518 ;
; A[3]       ; Z[2]        ; 10.904 ; 10.904 ; 10.904 ; 10.904 ;
; A[3]       ; Z[3]        ; 8.844  ; 9.281  ; 9.281  ; 8.844  ;
; A[3]       ; Z[4]        ; 9.772  ; 9.772  ; 9.772  ; 9.772  ;
; A[3]       ; Z[5]        ; 9.831  ; 9.831  ; 9.831  ; 9.831  ;
; A[3]       ; Z[6]        ; 10.200 ; 10.200 ; 10.200 ; 10.200 ;
; A[3]       ; Z[7]        ; 10.371 ; 10.371 ; 10.371 ; 10.371 ;
; A[4]       ; Z[0]        ; 10.779 ; 10.779 ; 10.779 ; 10.779 ;
; A[4]       ; Z[1]        ; 10.642 ; 10.642 ; 10.642 ; 10.642 ;
; A[4]       ; Z[2]        ; 11.028 ; 11.028 ; 11.028 ; 11.028 ;
; A[4]       ; Z[3]        ; 10.787 ; 10.787 ; 10.787 ; 10.787 ;
; A[4]       ; Z[4]        ; 9.278  ; 9.278  ; 9.278  ; 9.278  ;
; A[4]       ; Z[5]        ; 9.649  ; 9.649  ; 9.649  ; 9.649  ;
; A[4]       ; Z[6]        ; 10.018 ; 10.018 ; 10.018 ; 10.018 ;
; A[4]       ; Z[7]        ; 10.189 ; 10.189 ; 10.189 ; 10.189 ;
; A[5]       ; Z[0]        ; 14.569 ; 14.569 ; 14.569 ; 14.569 ;
; A[5]       ; Z[1]        ; 14.432 ; 14.432 ; 14.432 ; 14.432 ;
; A[5]       ; Z[2]        ; 14.818 ; 14.818 ; 14.818 ; 14.818 ;
; A[5]       ; Z[3]        ; 14.577 ; 14.577 ; 14.577 ; 14.577 ;
; A[5]       ; Z[4]        ; 15.185 ; 15.185 ; 15.185 ; 15.185 ;
; A[5]       ; Z[5]        ; 12.513 ; 12.513 ; 12.513 ; 12.513 ;
; A[5]       ; Z[6]        ; 13.812 ; 13.812 ; 13.812 ; 13.812 ;
; A[5]       ; Z[7]        ; 13.983 ; 13.983 ; 13.983 ; 13.983 ;
; A[6]       ; Z[0]        ; 13.787 ; 13.787 ; 13.787 ; 13.787 ;
; A[6]       ; Z[1]        ; 13.827 ; 13.827 ; 13.827 ; 13.827 ;
; A[6]       ; Z[2]        ; 14.712 ; 14.712 ; 14.712 ; 14.712 ;
; A[6]       ; Z[3]        ; 14.341 ; 14.341 ; 14.341 ; 14.341 ;
; A[6]       ; Z[4]        ; 14.866 ; 14.866 ; 14.866 ; 14.866 ;
; A[6]       ; Z[6]        ; 12.067 ; 12.067 ; 12.067 ; 12.067 ;
; A[6]       ; Z[7]        ; 13.604 ; 13.604 ; 13.604 ; 13.604 ;
; A[7]       ; Z[0]        ; 13.495 ; 13.495 ; 13.495 ; 13.495 ;
; A[7]       ; Z[1]        ; 13.539 ; 13.539 ; 13.539 ; 13.539 ;
; A[7]       ; Z[2]        ; 14.424 ; 14.424 ; 14.424 ; 14.424 ;
; A[7]       ; Z[3]        ; 14.053 ; 14.053 ; 14.053 ; 14.053 ;
; A[7]       ; Z[4]        ; 14.578 ; 14.578 ; 14.578 ; 14.578 ;
; A[7]       ; Z[7]        ; 12.071 ; 12.071 ; 12.071 ; 12.071 ;
; B[0]       ; Z[0]        ; 7.838  ; 7.925  ; 7.925  ; 7.838  ;
; B[0]       ; Z[1]        ; 11.026 ; 11.026 ; 11.026 ; 11.026 ;
; B[0]       ; Z[2]        ; 9.981  ; 9.981  ; 9.981  ; 9.981  ;
; B[0]       ; Z[3]        ; 9.797  ; 9.797  ; 9.797  ; 9.797  ;
; B[0]       ; Z[4]        ; 9.376  ; 9.376  ; 9.376  ; 9.376  ;
; B[0]       ; Z[5]        ; 9.435  ; 9.435  ; 9.435  ; 9.435  ;
; B[0]       ; Z[6]        ; 9.804  ; 9.804  ; 9.804  ; 9.804  ;
; B[0]       ; Z[7]        ; 9.975  ; 9.975  ; 9.975  ; 9.975  ;
; B[1]       ; Z[0]        ; 9.847  ; 9.847  ; 9.847  ; 9.847  ;
; B[1]       ; Z[1]        ; 7.325  ; 8.033  ; 8.033  ; 7.325  ;
; B[1]       ; Z[2]        ; 9.870  ; 9.870  ; 9.870  ; 9.870  ;
; B[1]       ; Z[3]        ; 10.018 ; 10.018 ; 10.018 ; 10.018 ;
; B[1]       ; Z[4]        ; 8.932  ; 8.932  ; 8.932  ; 8.932  ;
; B[1]       ; Z[5]        ; 8.991  ; 8.991  ; 8.991  ; 8.991  ;
; B[1]       ; Z[6]        ; 9.360  ; 9.360  ; 9.360  ; 9.360  ;
; B[1]       ; Z[7]        ; 9.531  ; 9.531  ; 9.531  ; 9.531  ;
; B[2]       ; Z[0]        ; 9.109  ; 9.109  ; 9.109  ; 9.109  ;
; B[2]       ; Z[1]        ; 10.897 ; 10.897 ; 10.897 ; 10.897 ;
; B[2]       ; Z[2]        ; 7.819  ; 7.981  ; 7.981  ; 7.819  ;
; B[2]       ; Z[3]        ; 9.388  ; 9.388  ; 9.388  ; 9.388  ;
; B[2]       ; Z[4]        ; 8.964  ; 8.964  ; 8.964  ; 8.964  ;
; B[2]       ; Z[5]        ; 9.023  ; 9.023  ; 9.023  ; 9.023  ;
; B[2]       ; Z[6]        ; 9.392  ; 9.392  ; 9.392  ; 9.392  ;
; B[2]       ; Z[7]        ; 9.563  ; 9.563  ; 9.563  ; 9.563  ;
; B[3]       ; Z[0]        ; 9.118  ; 9.118  ; 9.118  ; 9.118  ;
; B[3]       ; Z[1]        ; 10.992 ; 10.992 ; 10.992 ; 10.992 ;
; B[3]       ; Z[2]        ; 9.667  ; 9.667  ; 9.667  ; 9.667  ;
; B[3]       ; Z[3]        ; 8.019  ; 8.900  ; 8.900  ; 8.019  ;
; B[3]       ; Z[4]        ; 9.008  ; 9.008  ; 9.008  ; 9.008  ;
; B[3]       ; Z[5]        ; 9.067  ; 9.067  ; 9.067  ; 9.067  ;
; B[3]       ; Z[6]        ; 9.436  ; 9.436  ; 9.436  ; 9.436  ;
; B[3]       ; Z[7]        ; 9.607  ; 9.607  ; 9.607  ; 9.607  ;
; B[4]       ; Z[0]        ; 9.561  ; 9.561  ; 9.561  ; 9.561  ;
; B[4]       ; Z[1]        ; 11.442 ; 11.442 ; 11.442 ; 11.442 ;
; B[4]       ; Z[2]        ; 10.117 ; 10.117 ; 10.117 ; 10.117 ;
; B[4]       ; Z[3]        ; 9.960  ; 9.960  ; 9.960  ; 9.960  ;
; B[4]       ; Z[4]        ; 8.857  ; 8.857  ; 8.857  ; 8.857  ;
; B[4]       ; Z[5]        ; 9.231  ; 9.231  ; 9.231  ; 9.231  ;
; B[4]       ; Z[6]        ; 9.600  ; 9.600  ; 9.600  ; 9.600  ;
; B[4]       ; Z[7]        ; 9.771  ; 9.771  ; 9.771  ; 9.771  ;
; B[5]       ; Z[0]        ; 9.285  ; 9.285  ; 9.285  ; 9.285  ;
; B[5]       ; Z[1]        ; 11.163 ; 11.163 ; 11.163 ; 11.163 ;
; B[5]       ; Z[2]        ; 9.838  ; 9.838  ; 9.838  ; 9.838  ;
; B[5]       ; Z[3]        ; 9.681  ; 9.681  ; 9.681  ; 9.681  ;
; B[5]       ; Z[4]        ; 10.122 ; 10.122 ; 10.122 ; 10.122 ;
; B[5]       ; Z[5]        ; 8.306  ; 8.397  ; 8.397  ; 8.306  ;
; B[5]       ; Z[6]        ; 9.582  ; 9.582  ; 9.582  ; 9.582  ;
; B[5]       ; Z[7]        ; 9.753  ; 9.753  ; 9.753  ; 9.753  ;
; B[6]       ; Z[0]        ; 9.119  ; 9.119  ; 9.119  ; 9.119  ;
; B[6]       ; Z[1]        ; 11.031 ; 11.031 ; 11.031 ; 11.031 ;
; B[6]       ; Z[2]        ; 9.802  ; 9.802  ; 9.802  ; 9.802  ;
; B[6]       ; Z[3]        ; 9.664  ; 9.664  ; 9.664  ; 9.664  ;
; B[6]       ; Z[4]        ; 9.956  ; 9.956  ; 9.956  ; 9.956  ;
; B[6]       ; Z[6]        ; 7.606  ; 8.274  ; 8.274  ; 7.606  ;
; B[6]       ; Z[7]        ; 9.287  ; 9.287  ; 9.287  ; 9.287  ;
; B[7]       ; Z[0]        ; 9.675  ; 9.675  ; 9.675  ; 9.675  ;
; B[7]       ; Z[1]        ; 11.559 ; 11.559 ; 11.559 ; 11.559 ;
; B[7]       ; Z[2]        ; 10.362 ; 10.362 ; 10.362 ; 10.362 ;
; B[7]       ; Z[3]        ; 10.191 ; 10.191 ; 10.191 ; 10.191 ;
; B[7]       ; Z[4]        ; 10.516 ; 10.516 ; 10.516 ; 10.516 ;
; B[7]       ; Z[7]        ; 8.320  ; 9.127  ; 9.127  ; 8.320  ;
; Q[0]       ; Z[0]        ; 12.149 ; 11.781 ; 11.781 ; 12.149 ;
; Q[0]       ; Z[1]        ; 12.104 ; 12.382 ; 12.382 ; 12.104 ;
; Q[0]       ; Z[2]        ; 11.562 ; 11.823 ; 11.823 ; 11.562 ;
; Q[0]       ; Z[3]        ; 12.183 ; 12.018 ; 12.018 ; 12.183 ;
; Q[0]       ; Z[4]        ; 11.461 ; 11.835 ; 11.835 ; 11.461 ;
; Q[0]       ; Z[5]        ; 11.368 ; 11.638 ; 11.638 ; 11.368 ;
; Q[0]       ; Z[6]        ; 11.807 ; 11.807 ; 11.807 ; 11.807 ;
; Q[0]       ; Z[7]        ; 11.806 ; 11.806 ; 11.806 ; 11.806 ;
; Q[1]       ; Z[0]        ; 12.024 ; 12.740 ; 12.740 ; 12.024 ;
; Q[1]       ; Z[1]        ; 12.003 ; 12.976 ; 12.976 ; 12.003 ;
; Q[1]       ; Z[2]        ; 11.437 ; 12.678 ; 12.678 ; 11.437 ;
; Q[1]       ; Z[3]        ; 12.058 ; 13.039 ; 13.039 ; 12.058 ;
; Q[1]       ; Z[4]        ; 11.817 ; 11.951 ; 11.951 ; 11.817 ;
; Q[1]       ; Z[5]        ; 10.948 ; 10.948 ; 10.948 ; 10.948 ;
; Q[1]       ; Z[6]        ; 10.926 ; 10.926 ; 10.926 ; 10.926 ;
; Q[1]       ; Z[7]        ; 10.926 ; 10.926 ; 10.926 ; 10.926 ;
; Q[2]       ; Z[0]        ; 11.881 ; 12.030 ; 12.030 ; 11.881 ;
; Q[2]       ; Z[1]        ; 13.217 ; 11.875 ; 11.875 ; 13.217 ;
; Q[2]       ; Z[2]        ; 11.294 ; 11.992 ; 11.992 ; 11.294 ;
; Q[2]       ; Z[3]        ; 11.915 ; 11.947 ; 11.947 ; 11.915 ;
; Q[2]       ; Z[4]        ; 11.674 ; 10.893 ; 10.893 ; 11.674 ;
; Q[2]       ; Z[5]        ; 12.197 ; 11.246 ; 11.246 ; 12.197 ;
; Q[2]       ; Z[6]        ; 12.286 ; 11.084 ; 11.084 ; 12.286 ;
; Q[2]       ; Z[7]        ; 12.248 ; 11.085 ; 11.085 ; 12.248 ;
+------------+-------------+--------+--------+--------+--------+


----------------------------
; Fast Model Setup Summary ;
----------------------------
No paths to report.


---------------------------
; Fast Model Hold Summary ;
---------------------------
No paths to report.


-------------------------------
; Fast Model Recovery Summary ;
-------------------------------
No paths to report.


------------------------------
; Fast Model Removal Summary ;
------------------------------
No paths to report.


------------------------------------------
; Fast Model Minimum Pulse Width Summary ;
------------------------------------------
No paths to report.


+----------------------------------------------------------+
; Propagation Delay                                        ;
+------------+-------------+-------+-------+-------+-------+
; Input Port ; Output Port ; RR    ; RF    ; FR    ; FF    ;
+------------+-------------+-------+-------+-------+-------+
; A[0]       ; Z[0]        ; 5.552 ; 5.552 ; 5.552 ; 5.552 ;
; A[0]       ; Z[1]        ; 6.382 ; 6.382 ; 6.382 ; 6.382 ;
; A[0]       ; Z[2]        ; 5.943 ; 5.943 ; 5.943 ; 5.943 ;
; A[0]       ; Z[3]        ; 6.004 ; 6.004 ; 6.004 ; 6.004 ;
; A[0]       ; Z[4]        ; 6.223 ; 6.223 ; 6.223 ; 6.223 ;
; A[0]       ; Z[5]        ; 5.079 ; 5.079 ; 5.079 ; 5.079 ;
; A[0]       ; Z[6]        ; 5.241 ; 5.241 ; 5.241 ; 5.241 ;
; A[0]       ; Z[7]        ; 5.317 ; 5.317 ; 5.317 ; 5.317 ;
; A[1]       ; Z[0]        ; 5.382 ; 5.382 ; 5.382 ; 5.382 ;
; A[1]       ; Z[1]        ; 6.212 ; 6.212 ; 6.212 ; 6.212 ;
; A[1]       ; Z[2]        ; 5.773 ; 5.773 ; 5.773 ; 5.773 ;
; A[1]       ; Z[3]        ; 5.834 ; 5.834 ; 5.834 ; 5.834 ;
; A[1]       ; Z[4]        ; 6.053 ; 6.053 ; 6.053 ; 6.053 ;
; A[1]       ; Z[5]        ; 4.989 ; 4.989 ; 4.989 ; 4.989 ;
; A[1]       ; Z[6]        ; 5.151 ; 5.151 ; 5.151 ; 5.151 ;
; A[1]       ; Z[7]        ; 5.227 ; 5.227 ; 5.227 ; 5.227 ;
; A[2]       ; Z[0]        ; 5.417 ; 5.417 ; 5.417 ; 5.417 ;
; A[2]       ; Z[1]        ; 6.247 ; 6.247 ; 6.247 ; 6.247 ;
; A[2]       ; Z[2]        ; 5.808 ; 5.808 ; 5.808 ; 5.808 ;
; A[2]       ; Z[3]        ; 5.869 ; 5.869 ; 5.869 ; 5.869 ;
; A[2]       ; Z[4]        ; 6.088 ; 6.088 ; 6.088 ; 6.088 ;
; A[2]       ; Z[5]        ; 4.951 ; 4.951 ; 4.951 ; 4.951 ;
; A[2]       ; Z[6]        ; 5.113 ; 5.113 ; 5.113 ; 5.113 ;
; A[2]       ; Z[7]        ; 5.189 ; 5.189 ; 5.189 ; 5.189 ;
; A[3]       ; Z[0]        ; 5.398 ; 5.398 ; 5.398 ; 5.398 ;
; A[3]       ; Z[1]        ; 6.228 ; 6.228 ; 6.228 ; 6.228 ;
; A[3]       ; Z[2]        ; 5.778 ; 5.778 ; 5.778 ; 5.778 ;
; A[3]       ; Z[3]        ; 5.839 ; 5.839 ; 5.839 ; 5.839 ;
; A[3]       ; Z[4]        ; 6.058 ; 6.058 ; 6.058 ; 6.058 ;
; A[3]       ; Z[5]        ; 4.918 ; 4.918 ; 4.918 ; 4.918 ;
; A[3]       ; Z[6]        ; 5.080 ; 5.080 ; 5.080 ; 5.080 ;
; A[3]       ; Z[7]        ; 5.156 ; 5.156 ; 5.156 ; 5.156 ;
; A[4]       ; Z[0]        ; 5.444 ; 5.444 ; 5.444 ; 5.444 ;
; A[4]       ; Z[1]        ; 6.274 ; 6.274 ; 6.274 ; 6.274 ;
; A[4]       ; Z[2]        ; 5.824 ; 5.824 ; 5.824 ; 5.824 ;
; A[4]       ; Z[3]        ; 5.885 ; 5.885 ; 5.885 ; 5.885 ;
; A[4]       ; Z[4]        ; 6.104 ; 6.104 ; 6.104 ; 6.104 ;
; A[4]       ; Z[5]        ; 4.830 ; 4.830 ; 4.830 ; 4.830 ;
; A[4]       ; Z[6]        ; 4.992 ; 4.992 ; 4.992 ; 4.992 ;
; A[4]       ; Z[7]        ; 5.068 ; 5.068 ; 5.068 ; 5.068 ;
; A[5]       ; Z[0]        ; 7.779 ; 7.779 ; 7.779 ; 7.779 ;
; A[5]       ; Z[1]        ; 8.609 ; 8.609 ; 8.609 ; 8.609 ;
; A[5]       ; Z[2]        ; 8.160 ; 8.160 ; 8.160 ; 8.160 ;
; A[5]       ; Z[3]        ; 8.221 ; 8.221 ; 8.221 ; 8.221 ;
; A[5]       ; Z[4]        ; 8.440 ; 8.440 ; 8.440 ; 8.440 ;
; A[5]       ; Z[5]        ; 7.064 ; 7.064 ; 7.064 ; 7.064 ;
; A[5]       ; Z[6]        ; 7.329 ; 7.329 ; 7.329 ; 7.329 ;
; A[5]       ; Z[7]        ; 7.405 ; 7.405 ; 7.405 ; 7.405 ;
; A[6]       ; Z[0]        ; 7.459 ; 7.459 ; 7.459 ; 7.459 ;
; A[6]       ; Z[1]        ; 8.289 ; 8.289 ; 8.289 ; 8.289 ;
; A[6]       ; Z[2]        ; 7.821 ; 7.821 ; 7.821 ; 7.821 ;
; A[6]       ; Z[3]        ; 7.859 ; 7.859 ; 7.859 ; 7.859 ;
; A[6]       ; Z[4]        ; 8.078 ; 8.078 ; 8.078 ; 8.078 ;
; A[6]       ; Z[6]        ; 7.057 ; 7.057 ; 7.057 ; 7.057 ;
; A[6]       ; Z[7]        ; 7.236 ; 7.236 ; 7.236 ; 7.236 ;
; A[7]       ; Z[0]        ; 7.339 ; 7.339 ; 7.339 ; 7.339 ;
; A[7]       ; Z[1]        ; 8.169 ; 8.169 ; 8.169 ; 8.169 ;
; A[7]       ; Z[2]        ; 7.707 ; 7.707 ; 7.707 ; 7.707 ;
; A[7]       ; Z[3]        ; 7.745 ; 7.745 ; 7.745 ; 7.745 ;
; A[7]       ; Z[4]        ; 7.964 ; 7.964 ; 7.964 ; 7.964 ;
; A[7]       ; Z[7]        ; 7.107 ; 7.107 ; 7.107 ; 7.107 ;
; B[0]       ; Z[0]        ; 4.684 ; 4.684 ; 4.684 ; 4.684 ;
; B[0]       ; Z[1]        ; 5.762 ; 5.762 ; 5.762 ; 5.762 ;
; B[0]       ; Z[2]        ; 5.291 ; 5.291 ; 5.291 ; 5.291 ;
; B[0]       ; Z[3]        ; 5.247 ; 5.247 ; 5.247 ; 5.247 ;
; B[0]       ; Z[4]        ; 5.375 ; 5.375 ; 5.375 ; 5.375 ;
; B[0]       ; Z[5]        ; 4.655 ; 4.655 ; 4.655 ; 4.655 ;
; B[0]       ; Z[6]        ; 4.817 ; 4.817 ; 4.817 ; 4.817 ;
; B[0]       ; Z[7]        ; 4.893 ; 4.893 ; 4.893 ; 4.893 ;
; B[1]       ; Z[0]        ; 4.843 ; 4.843 ; 4.843 ; 4.843 ;
; B[1]       ; Z[1]        ; 5.921 ; 5.921 ; 5.921 ; 5.921 ;
; B[1]       ; Z[2]        ; 5.450 ; 5.450 ; 5.450 ; 5.450 ;
; B[1]       ; Z[3]        ; 5.406 ; 5.406 ; 5.406 ; 5.406 ;
; B[1]       ; Z[4]        ; 5.534 ; 5.534 ; 5.534 ; 5.534 ;
; B[1]       ; Z[5]        ; 4.464 ; 4.464 ; 4.464 ; 4.464 ;
; B[1]       ; Z[6]        ; 4.626 ; 4.626 ; 4.626 ; 4.626 ;
; B[1]       ; Z[7]        ; 4.702 ; 4.702 ; 4.702 ; 4.702 ;
; B[2]       ; Z[0]        ; 4.510 ; 4.510 ; 4.510 ; 4.510 ;
; B[2]       ; Z[1]        ; 5.588 ; 5.588 ; 5.588 ; 5.588 ;
; B[2]       ; Z[2]        ; 5.117 ; 5.117 ; 5.117 ; 5.117 ;
; B[2]       ; Z[3]        ; 5.073 ; 5.073 ; 5.073 ; 5.073 ;
; B[2]       ; Z[4]        ; 5.201 ; 5.201 ; 5.201 ; 5.201 ;
; B[2]       ; Z[5]        ; 4.470 ; 4.470 ; 4.470 ; 4.470 ;
; B[2]       ; Z[6]        ; 4.632 ; 4.632 ; 4.632 ; 4.632 ;
; B[2]       ; Z[7]        ; 4.708 ; 4.708 ; 4.708 ; 4.708 ;
; B[3]       ; Z[0]        ; 4.602 ; 4.602 ; 4.602 ; 4.602 ;
; B[3]       ; Z[1]        ; 5.548 ; 5.548 ; 5.548 ; 5.548 ;
; B[3]       ; Z[2]        ; 5.077 ; 5.077 ; 5.077 ; 5.077 ;
; B[3]       ; Z[3]        ; 5.033 ; 5.033 ; 5.033 ; 5.033 ;
; B[3]       ; Z[4]        ; 5.161 ; 5.161 ; 5.161 ; 5.161 ;
; B[3]       ; Z[5]        ; 4.562 ; 4.562 ; 4.562 ; 4.562 ;
; B[3]       ; Z[6]        ; 4.724 ; 4.724 ; 4.724 ; 4.724 ;
; B[3]       ; Z[7]        ; 4.800 ; 4.800 ; 4.800 ; 4.800 ;
; B[4]       ; Z[0]        ; 4.792 ; 4.792 ; 4.792 ; 4.792 ;
; B[4]       ; Z[1]        ; 5.738 ; 5.738 ; 5.738 ; 5.738 ;
; B[4]       ; Z[2]        ; 5.267 ; 5.267 ; 5.267 ; 5.267 ;
; B[4]       ; Z[3]        ; 5.223 ; 5.223 ; 5.223 ; 5.223 ;
; B[4]       ; Z[4]        ; 5.351 ; 5.351 ; 5.351 ; 5.351 ;
; B[4]       ; Z[5]        ; 4.613 ; 4.613 ; 4.613 ; 4.613 ;
; B[4]       ; Z[6]        ; 4.775 ; 4.775 ; 4.775 ; 4.775 ;
; B[4]       ; Z[7]        ; 4.851 ; 4.851 ; 4.851 ; 4.851 ;
; B[5]       ; Z[0]        ; 4.705 ; 4.705 ; 4.705 ; 4.705 ;
; B[5]       ; Z[1]        ; 5.651 ; 5.651 ; 5.651 ; 5.651 ;
; B[5]       ; Z[2]        ; 5.180 ; 5.180 ; 5.180 ; 5.180 ;
; B[5]       ; Z[3]        ; 5.136 ; 5.136 ; 5.136 ; 5.136 ;
; B[5]       ; Z[4]        ; 5.264 ; 5.264 ; 5.264 ; 5.264 ;
; B[5]       ; Z[5]        ; 4.514 ; 4.514 ; 4.514 ; 4.514 ;
; B[5]       ; Z[6]        ; 4.781 ; 4.781 ; 4.781 ; 4.781 ;
; B[5]       ; Z[7]        ; 4.857 ; 4.857 ; 4.857 ; 4.857 ;
; B[6]       ; Z[0]        ; 4.583 ; 4.583 ; 4.583 ; 4.583 ;
; B[6]       ; Z[1]        ; 5.540 ; 5.540 ; 5.540 ; 5.540 ;
; B[6]       ; Z[2]        ; 5.069 ; 5.069 ; 5.069 ; 5.069 ;
; B[6]       ; Z[3]        ; 5.025 ; 5.025 ; 5.025 ; 5.025 ;
; B[6]       ; Z[4]        ; 5.153 ; 5.153 ; 5.153 ; 5.153 ;
; B[6]       ; Z[6]        ; 4.430 ; 4.430 ; 4.430 ; 4.430 ;
; B[6]       ; Z[7]        ; 4.611 ; 4.611 ; 4.611 ; 4.611 ;
; B[7]       ; Z[0]        ; 4.880 ; 4.880 ; 4.880 ; 4.880 ;
; B[7]       ; Z[1]        ; 5.710 ; 5.710 ; 5.710 ; 5.710 ;
; B[7]       ; Z[2]        ; 5.226 ; 5.226 ; 5.226 ; 5.226 ;
; B[7]       ; Z[3]        ; 5.193 ; 5.193 ; 5.193 ; 5.193 ;
; B[7]       ; Z[4]        ; 5.321 ; 5.321 ; 5.321 ; 5.321 ;
; B[7]       ; Z[7]        ; 4.874 ; 4.874 ; 4.874 ; 4.874 ;
; Q[0]       ; Z[0]        ; 7.334 ; 6.490 ; 6.490 ; 7.334 ;
; Q[0]       ; Z[1]        ; 7.269 ; 6.792 ; 6.792 ; 7.269 ;
; Q[0]       ; Z[2]        ; 7.338 ; 6.486 ; 6.486 ; 7.338 ;
; Q[0]       ; Z[3]        ; 7.302 ; 6.565 ; 6.565 ; 7.302 ;
; Q[0]       ; Z[4]        ; 6.544 ; 6.487 ; 6.487 ; 6.544 ;
; Q[0]       ; Z[5]        ; 6.527 ; 6.527 ; 6.527 ; 6.527 ;
; Q[0]       ; Z[6]        ; 6.810 ; 6.810 ; 6.810 ; 6.810 ;
; Q[0]       ; Z[7]        ; 6.853 ; 6.853 ; 6.853 ; 6.853 ;
; Q[1]       ; Z[0]        ; 6.867 ; 7.259 ; 7.259 ; 6.867 ;
; Q[1]       ; Z[1]        ; 7.279 ; 7.279 ; 7.279 ; 7.279 ;
; Q[1]       ; Z[2]        ; 6.792 ; 7.263 ; 7.263 ; 6.792 ;
; Q[1]       ; Z[3]        ; 6.976 ; 7.227 ; 7.227 ; 6.976 ;
; Q[1]       ; Z[4]        ; 6.721 ; 6.721 ; 6.721 ; 6.721 ;
; Q[1]       ; Z[5]        ; 6.073 ; 6.073 ; 6.073 ; 6.073 ;
; Q[1]       ; Z[6]        ; 6.090 ; 6.090 ; 6.090 ; 6.090 ;
; Q[1]       ; Z[7]        ; 6.089 ; 6.089 ; 6.089 ; 6.089 ;
; Q[2]       ; Z[0]        ; 6.901 ; 6.901 ; 6.901 ; 6.901 ;
; Q[2]       ; Z[1]        ; 7.234 ; 7.234 ; 7.234 ; 7.234 ;
; Q[2]       ; Z[2]        ; 6.827 ; 6.827 ; 6.827 ; 6.827 ;
; Q[2]       ; Z[3]        ; 6.873 ; 6.873 ; 6.873 ; 6.873 ;
; Q[2]       ; Z[4]        ; 6.639 ; 6.639 ; 6.639 ; 6.639 ;
; Q[2]       ; Z[5]        ; 6.597 ; 6.597 ; 6.597 ; 6.597 ;
; Q[2]       ; Z[6]        ; 6.650 ; 6.650 ; 6.650 ; 6.650 ;
; Q[2]       ; Z[7]        ; 6.612 ; 6.612 ; 6.612 ; 6.612 ;
+------------+-------------+-------+-------+-------+-------+


+----------------------------------------------------------+
; Minimum Propagation Delay                                ;
+------------+-------------+-------+-------+-------+-------+
; Input Port ; Output Port ; RR    ; RF    ; FR    ; FF    ;
+------------+-------------+-------+-------+-------+-------+
; A[0]       ; Z[0]        ; 4.608 ; 4.852 ; 4.852 ; 4.608 ;
; A[0]       ; Z[1]        ; 5.439 ; 5.439 ; 5.439 ; 5.439 ;
; A[0]       ; Z[2]        ; 5.403 ; 5.403 ; 5.403 ; 5.403 ;
; A[0]       ; Z[3]        ; 5.483 ; 5.483 ; 5.483 ; 5.483 ;
; A[0]       ; Z[4]        ; 5.046 ; 5.046 ; 5.046 ; 5.046 ;
; A[0]       ; Z[5]        ; 5.079 ; 5.079 ; 5.079 ; 5.079 ;
; A[0]       ; Z[6]        ; 5.241 ; 5.241 ; 5.241 ; 5.241 ;
; A[0]       ; Z[7]        ; 5.317 ; 5.317 ; 5.317 ; 5.317 ;
; A[1]       ; Z[0]        ; 5.288 ; 5.288 ; 5.288 ; 5.288 ;
; A[1]       ; Z[1]        ; 4.394 ; 4.540 ; 4.540 ; 4.394 ;
; A[1]       ; Z[2]        ; 5.313 ; 5.313 ; 5.313 ; 5.313 ;
; A[1]       ; Z[3]        ; 5.315 ; 5.315 ; 5.315 ; 5.315 ;
; A[1]       ; Z[4]        ; 4.956 ; 4.956 ; 4.956 ; 4.956 ;
; A[1]       ; Z[5]        ; 4.989 ; 4.989 ; 4.989 ; 4.989 ;
; A[1]       ; Z[6]        ; 5.151 ; 5.151 ; 5.151 ; 5.151 ;
; A[1]       ; Z[7]        ; 5.227 ; 5.227 ; 5.227 ; 5.227 ;
; A[2]       ; Z[0]        ; 5.323 ; 5.323 ; 5.323 ; 5.323 ;
; A[2]       ; Z[1]        ; 5.306 ; 5.306 ; 5.306 ; 5.306 ;
; A[2]       ; Z[2]        ; 4.444 ; 4.807 ; 4.807 ; 4.444 ;
; A[2]       ; Z[3]        ; 5.351 ; 5.351 ; 5.351 ; 5.351 ;
; A[2]       ; Z[4]        ; 4.918 ; 4.918 ; 4.918 ; 4.918 ;
; A[2]       ; Z[5]        ; 4.951 ; 4.951 ; 4.951 ; 4.951 ;
; A[2]       ; Z[6]        ; 5.113 ; 5.113 ; 5.113 ; 5.113 ;
; A[2]       ; Z[7]        ; 5.189 ; 5.189 ; 5.189 ; 5.189 ;
; A[3]       ; Z[0]        ; 5.304 ; 5.304 ; 5.304 ; 5.304 ;
; A[3]       ; Z[1]        ; 5.242 ; 5.242 ; 5.242 ; 5.242 ;
; A[3]       ; Z[2]        ; 5.375 ; 5.375 ; 5.375 ; 5.375 ;
; A[3]       ; Z[3]        ; 4.516 ; 4.695 ; 4.695 ; 4.516 ;
; A[3]       ; Z[4]        ; 4.885 ; 4.885 ; 4.885 ; 4.885 ;
; A[3]       ; Z[5]        ; 4.918 ; 4.918 ; 4.918 ; 4.918 ;
; A[3]       ; Z[6]        ; 5.080 ; 5.080 ; 5.080 ; 5.080 ;
; A[3]       ; Z[7]        ; 5.156 ; 5.156 ; 5.156 ; 5.156 ;
; A[4]       ; Z[0]        ; 5.350 ; 5.350 ; 5.350 ; 5.350 ;
; A[4]       ; Z[1]        ; 5.288 ; 5.288 ; 5.288 ; 5.288 ;
; A[4]       ; Z[2]        ; 5.421 ; 5.421 ; 5.421 ; 5.421 ;
; A[4]       ; Z[3]        ; 5.332 ; 5.332 ; 5.332 ; 5.332 ;
; A[4]       ; Z[4]        ; 4.694 ; 4.694 ; 4.694 ; 4.694 ;
; A[4]       ; Z[5]        ; 4.830 ; 4.830 ; 4.830 ; 4.830 ;
; A[4]       ; Z[6]        ; 4.992 ; 4.992 ; 4.992 ; 4.992 ;
; A[4]       ; Z[7]        ; 5.068 ; 5.068 ; 5.068 ; 5.068 ;
; A[5]       ; Z[0]        ; 7.685 ; 7.685 ; 7.685 ; 7.685 ;
; A[5]       ; Z[1]        ; 7.623 ; 7.623 ; 7.623 ; 7.623 ;
; A[5]       ; Z[2]        ; 7.756 ; 7.756 ; 7.756 ; 7.756 ;
; A[5]       ; Z[3]        ; 7.667 ; 7.667 ; 7.667 ; 7.667 ;
; A[5]       ; Z[4]        ; 7.898 ; 7.898 ; 7.898 ; 7.898 ;
; A[5]       ; Z[5]        ; 6.817 ; 6.817 ; 6.817 ; 6.817 ;
; A[5]       ; Z[6]        ; 7.329 ; 7.329 ; 7.329 ; 7.329 ;
; A[5]       ; Z[7]        ; 7.405 ; 7.405 ; 7.405 ; 7.405 ;
; A[6]       ; Z[0]        ; 7.365 ; 7.365 ; 7.365 ; 7.365 ;
; A[6]       ; Z[1]        ; 7.377 ; 7.377 ; 7.377 ; 7.377 ;
; A[6]       ; Z[2]        ; 7.696 ; 7.696 ; 7.696 ; 7.696 ;
; A[6]       ; Z[3]        ; 7.591 ; 7.591 ; 7.591 ; 7.591 ;
; A[6]       ; Z[4]        ; 7.780 ; 7.780 ; 7.780 ; 7.780 ;
; A[6]       ; Z[6]        ; 6.615 ; 6.615 ; 6.615 ; 6.615 ;
; A[6]       ; Z[7]        ; 7.236 ; 7.236 ; 7.236 ; 7.236 ;
; A[7]       ; Z[0]        ; 7.245 ; 7.245 ; 7.245 ; 7.245 ;
; A[7]       ; Z[1]        ; 7.263 ; 7.263 ; 7.263 ; 7.263 ;
; A[7]       ; Z[2]        ; 7.582 ; 7.582 ; 7.582 ; 7.582 ;
; A[7]       ; Z[3]        ; 7.477 ; 7.477 ; 7.477 ; 7.477 ;
; A[7]       ; Z[4]        ; 7.666 ; 7.666 ; 7.666 ; 7.666 ;
; A[7]       ; Z[7]        ; 6.617 ; 6.617 ; 6.617 ; 6.617 ;
; B[0]       ; Z[0]        ; 3.955 ; 3.990 ; 3.990 ; 3.955 ;
; B[0]       ; Z[1]        ; 5.316 ; 5.316 ; 5.316 ; 5.316 ;
; B[0]       ; Z[2]        ; 4.857 ; 4.857 ; 4.857 ; 4.857 ;
; B[0]       ; Z[3]        ; 4.809 ; 4.809 ; 4.809 ; 4.809 ;
; B[0]       ; Z[4]        ; 4.622 ; 4.622 ; 4.622 ; 4.622 ;
; B[0]       ; Z[5]        ; 4.655 ; 4.655 ; 4.655 ; 4.655 ;
; B[0]       ; Z[6]        ; 4.817 ; 4.817 ; 4.817 ; 4.817 ;
; B[0]       ; Z[7]        ; 4.893 ; 4.893 ; 4.893 ; 4.893 ;
; B[1]       ; Z[0]        ; 4.843 ; 4.843 ; 4.843 ; 4.843 ;
; B[1]       ; Z[1]        ; 3.782 ; 4.077 ; 4.077 ; 3.782 ;
; B[1]       ; Z[2]        ; 4.788 ; 4.788 ; 4.788 ; 4.788 ;
; B[1]       ; Z[3]        ; 4.868 ; 4.868 ; 4.868 ; 4.868 ;
; B[1]       ; Z[4]        ; 4.431 ; 4.431 ; 4.431 ; 4.431 ;
; B[1]       ; Z[5]        ; 4.464 ; 4.464 ; 4.464 ; 4.464 ;
; B[1]       ; Z[6]        ; 4.626 ; 4.626 ; 4.626 ; 4.626 ;
; B[1]       ; Z[7]        ; 4.702 ; 4.702 ; 4.702 ; 4.702 ;
; B[2]       ; Z[0]        ; 4.510 ; 4.510 ; 4.510 ; 4.510 ;
; B[2]       ; Z[1]        ; 5.298 ; 5.298 ; 5.298 ; 5.298 ;
; B[2]       ; Z[2]        ; 3.924 ; 3.993 ; 3.993 ; 3.924 ;
; B[2]       ; Z[3]        ; 4.633 ; 4.633 ; 4.633 ; 4.633 ;
; B[2]       ; Z[4]        ; 4.437 ; 4.437 ; 4.437 ; 4.437 ;
; B[2]       ; Z[5]        ; 4.470 ; 4.470 ; 4.470 ; 4.470 ;
; B[2]       ; Z[6]        ; 4.632 ; 4.632 ; 4.632 ; 4.632 ;
; B[2]       ; Z[7]        ; 4.708 ; 4.708 ; 4.708 ; 4.708 ;
; B[3]       ; Z[0]        ; 4.602 ; 4.602 ; 4.602 ; 4.602 ;
; B[3]       ; Z[1]        ; 5.423 ; 5.423 ; 5.423 ; 5.423 ;
; B[3]       ; Z[2]        ; 4.806 ; 4.806 ; 4.806 ; 4.806 ;
; B[3]       ; Z[3]        ; 4.114 ; 4.490 ; 4.490 ; 4.114 ;
; B[3]       ; Z[4]        ; 4.529 ; 4.529 ; 4.529 ; 4.529 ;
; B[3]       ; Z[5]        ; 4.562 ; 4.562 ; 4.562 ; 4.562 ;
; B[3]       ; Z[6]        ; 4.724 ; 4.724 ; 4.724 ; 4.724 ;
; B[3]       ; Z[7]        ; 4.800 ; 4.800 ; 4.800 ; 4.800 ;
; B[4]       ; Z[0]        ; 4.792 ; 4.792 ; 4.792 ; 4.792 ;
; B[4]       ; Z[1]        ; 5.615 ; 5.615 ; 5.615 ; 5.615 ;
; B[4]       ; Z[2]        ; 4.998 ; 4.998 ; 4.998 ; 4.998 ;
; B[4]       ; Z[3]        ; 4.968 ; 4.968 ; 4.968 ; 4.968 ;
; B[4]       ; Z[4]        ; 4.475 ; 4.475 ; 4.475 ; 4.475 ;
; B[4]       ; Z[5]        ; 4.613 ; 4.613 ; 4.613 ; 4.613 ;
; B[4]       ; Z[6]        ; 4.775 ; 4.775 ; 4.775 ; 4.775 ;
; B[4]       ; Z[7]        ; 4.851 ; 4.851 ; 4.851 ; 4.851 ;
; B[5]       ; Z[0]        ; 4.705 ; 4.705 ; 4.705 ; 4.705 ;
; B[5]       ; Z[1]        ; 5.526 ; 5.526 ; 5.526 ; 5.526 ;
; B[5]       ; Z[2]        ; 4.909 ; 4.909 ; 4.909 ; 4.909 ;
; B[5]       ; Z[3]        ; 4.879 ; 4.879 ; 4.879 ; 4.879 ;
; B[5]       ; Z[4]        ; 5.038 ; 5.038 ; 5.038 ; 5.038 ;
; B[5]       ; Z[5]        ; 4.286 ; 4.318 ; 4.318 ; 4.286 ;
; B[5]       ; Z[6]        ; 4.781 ; 4.781 ; 4.781 ; 4.781 ;
; B[5]       ; Z[7]        ; 4.857 ; 4.857 ; 4.857 ; 4.857 ;
; B[6]       ; Z[0]        ; 4.583 ; 4.583 ; 4.583 ; 4.583 ;
; B[6]       ; Z[1]        ; 5.408 ; 5.408 ; 5.408 ; 5.408 ;
; B[6]       ; Z[2]        ; 4.832 ; 4.832 ; 4.832 ; 4.832 ;
; B[6]       ; Z[3]        ; 4.788 ; 4.788 ; 4.788 ; 4.788 ;
; B[6]       ; Z[4]        ; 4.916 ; 4.916 ; 4.916 ; 4.916 ;
; B[6]       ; Z[6]        ; 3.914 ; 4.217 ; 4.217 ; 3.914 ;
; B[6]       ; Z[7]        ; 4.611 ; 4.611 ; 4.611 ; 4.611 ;
; B[7]       ; Z[0]        ; 4.880 ; 4.880 ; 4.880 ; 4.880 ;
; B[7]       ; Z[1]        ; 5.699 ; 5.699 ; 5.699 ; 5.699 ;
; B[7]       ; Z[2]        ; 5.132 ; 5.132 ; 5.132 ; 5.132 ;
; B[7]       ; Z[3]        ; 5.078 ; 5.078 ; 5.078 ; 5.078 ;
; B[7]       ; Z[4]        ; 5.218 ; 5.218 ; 5.218 ; 5.218 ;
; B[7]       ; Z[7]        ; 4.291 ; 4.634 ; 4.634 ; 4.291 ;
; Q[0]       ; Z[0]        ; 6.644 ; 6.490 ; 6.490 ; 6.644 ;
; Q[0]       ; Z[1]        ; 6.672 ; 6.792 ; 6.792 ; 6.672 ;
; Q[0]       ; Z[2]        ; 6.374 ; 6.486 ; 6.486 ; 6.374 ;
; Q[0]       ; Z[3]        ; 6.656 ; 6.565 ; 6.565 ; 6.656 ;
; Q[0]       ; Z[4]        ; 6.343 ; 6.487 ; 6.487 ; 6.343 ;
; Q[0]       ; Z[5]        ; 6.288 ; 6.405 ; 6.405 ; 6.288 ;
; Q[0]       ; Z[6]        ; 6.503 ; 6.503 ; 6.503 ; 6.503 ;
; Q[0]       ; Z[7]        ; 6.504 ; 6.504 ; 6.504 ; 6.504 ;
; Q[1]       ; Z[0]        ; 6.560 ; 6.867 ; 6.867 ; 6.560 ;
; Q[1]       ; Z[1]        ; 6.603 ; 7.020 ; 7.020 ; 6.603 ;
; Q[1]       ; Z[2]        ; 6.290 ; 6.792 ; 6.792 ; 6.290 ;
; Q[1]       ; Z[3]        ; 6.572 ; 6.976 ; 6.976 ; 6.572 ;
; Q[1]       ; Z[4]        ; 6.460 ; 6.509 ; 6.509 ; 6.460 ;
; Q[1]       ; Z[5]        ; 6.073 ; 6.073 ; 6.073 ; 6.073 ;
; Q[1]       ; Z[6]        ; 6.090 ; 6.090 ; 6.090 ; 6.090 ;
; Q[1]       ; Z[7]        ; 6.089 ; 6.089 ; 6.089 ; 6.089 ;
; Q[2]       ; Z[0]        ; 6.478 ; 6.523 ; 6.523 ; 6.478 ;
; Q[2]       ; Z[1]        ; 7.054 ; 6.511 ; 6.511 ; 7.054 ;
; Q[2]       ; Z[2]        ; 6.208 ; 6.474 ; 6.474 ; 6.208 ;
; Q[2]       ; Z[3]        ; 6.490 ; 6.478 ; 6.478 ; 6.490 ;
; Q[2]       ; Z[4]        ; 6.378 ; 6.028 ; 6.028 ; 6.378 ;
; Q[2]       ; Z[5]        ; 6.597 ; 6.190 ; 6.190 ; 6.597 ;
; Q[2]       ; Z[6]        ; 6.650 ; 6.122 ; 6.122 ; 6.650 ;
; Q[2]       ; Z[7]        ; 6.612 ; 6.124 ; 6.124 ; 6.612 ;
+------------+-------------+-------+-------+-------+-------+


+----------------------------------------------------------------------------+
; Multicorner Timing Analysis Summary                                        ;
+------------------+-------+------+----------+---------+---------------------+
; Clock            ; Setup ; Hold ; Recovery ; Removal ; Minimum Pulse Width ;
+------------------+-------+------+----------+---------+---------------------+
; Worst-case Slack ; N/A   ; N/A  ; N/A      ; N/A     ; N/A                 ;
; Design-wide TNS  ; 0.0   ; 0.0  ; 0.0      ; 0.0     ; 0.0                 ;
+------------------+-------+------+----------+---------+---------------------+


+--------------------------------------------------------------+
; Progagation Delay                                            ;
+------------+-------------+--------+--------+--------+--------+
; Input Port ; Output Port ; RR     ; RF     ; FR     ; FF     ;
+------------+-------------+--------+--------+--------+--------+
; A[0]       ; Z[0]        ; 11.099 ; 11.099 ; 11.099 ; 11.099 ;
; A[0]       ; Z[1]        ; 13.015 ; 13.015 ; 13.015 ; 13.015 ;
; A[0]       ; Z[2]        ; 12.066 ; 12.066 ; 12.066 ; 12.066 ;
; A[0]       ; Z[3]        ; 12.224 ; 12.224 ; 12.224 ; 12.224 ;
; A[0]       ; Z[4]        ; 12.800 ; 12.800 ; 12.800 ; 12.800 ;
; A[0]       ; Z[5]        ; 9.969  ; 9.969  ; 9.969  ; 9.969  ;
; A[0]       ; Z[6]        ; 10.338 ; 10.338 ; 10.338 ; 10.338 ;
; A[0]       ; Z[7]        ; 10.509 ; 10.509 ; 10.509 ; 10.509 ;
; A[1]       ; Z[0]        ; 10.831 ; 10.831 ; 10.831 ; 10.831 ;
; A[1]       ; Z[1]        ; 12.747 ; 12.747 ; 12.747 ; 12.747 ;
; A[1]       ; Z[2]        ; 11.798 ; 11.798 ; 11.798 ; 11.798 ;
; A[1]       ; Z[3]        ; 11.956 ; 11.956 ; 11.956 ; 11.956 ;
; A[1]       ; Z[4]        ; 12.532 ; 12.532 ; 12.532 ; 12.532 ;
; A[1]       ; Z[5]        ; 9.901  ; 9.901  ; 9.901  ; 9.901  ;
; A[1]       ; Z[6]        ; 10.270 ; 10.270 ; 10.270 ; 10.270 ;
; A[1]       ; Z[7]        ; 10.441 ; 10.441 ; 10.441 ; 10.441 ;
; A[2]       ; Z[0]        ; 10.957 ; 10.957 ; 10.957 ; 10.957 ;
; A[2]       ; Z[1]        ; 12.873 ; 12.873 ; 12.873 ; 12.873 ;
; A[2]       ; Z[2]        ; 11.924 ; 11.924 ; 11.924 ; 11.924 ;
; A[2]       ; Z[3]        ; 12.082 ; 12.082 ; 12.082 ; 12.082 ;
; A[2]       ; Z[4]        ; 12.658 ; 12.658 ; 12.658 ; 12.658 ;
; A[2]       ; Z[5]        ; 9.860  ; 9.860  ; 9.860  ; 9.860  ;
; A[2]       ; Z[6]        ; 10.229 ; 10.229 ; 10.229 ; 10.229 ;
; A[2]       ; Z[7]        ; 10.400 ; 10.400 ; 10.400 ; 10.400 ;
; A[3]       ; Z[0]        ; 10.924 ; 10.924 ; 10.924 ; 10.924 ;
; A[3]       ; Z[1]        ; 12.840 ; 12.840 ; 12.840 ; 12.840 ;
; A[3]       ; Z[2]        ; 11.891 ; 11.891 ; 11.891 ; 11.891 ;
; A[3]       ; Z[3]        ; 12.024 ; 12.024 ; 12.024 ; 12.024 ;
; A[3]       ; Z[4]        ; 12.600 ; 12.600 ; 12.600 ; 12.600 ;
; A[3]       ; Z[5]        ; 9.831  ; 9.831  ; 9.831  ; 9.831  ;
; A[3]       ; Z[6]        ; 10.200 ; 10.200 ; 10.200 ; 10.200 ;
; A[3]       ; Z[7]        ; 10.371 ; 10.371 ; 10.371 ; 10.371 ;
; A[4]       ; Z[0]        ; 11.048 ; 11.048 ; 11.048 ; 11.048 ;
; A[4]       ; Z[1]        ; 12.964 ; 12.964 ; 12.964 ; 12.964 ;
; A[4]       ; Z[2]        ; 12.015 ; 12.015 ; 12.015 ; 12.015 ;
; A[4]       ; Z[3]        ; 12.143 ; 12.143 ; 12.143 ; 12.143 ;
; A[4]       ; Z[4]        ; 12.719 ; 12.719 ; 12.719 ; 12.719 ;
; A[4]       ; Z[5]        ; 9.649  ; 9.649  ; 9.649  ; 9.649  ;
; A[4]       ; Z[6]        ; 10.018 ; 10.018 ; 10.018 ; 10.018 ;
; A[4]       ; Z[7]        ; 10.189 ; 10.189 ; 10.189 ; 10.189 ;
; A[5]       ; Z[0]        ; 14.838 ; 14.838 ; 14.838 ; 14.838 ;
; A[5]       ; Z[1]        ; 16.754 ; 16.754 ; 16.754 ; 16.754 ;
; A[5]       ; Z[2]        ; 15.805 ; 15.805 ; 15.805 ; 15.805 ;
; A[5]       ; Z[3]        ; 15.938 ; 15.938 ; 15.938 ; 15.938 ;
; A[5]       ; Z[4]        ; 16.514 ; 16.514 ; 16.514 ; 16.514 ;
; A[5]       ; Z[5]        ; 13.127 ; 13.127 ; 13.127 ; 13.127 ;
; A[5]       ; Z[6]        ; 13.812 ; 13.812 ; 13.812 ; 13.812 ;
; A[5]       ; Z[7]        ; 13.983 ; 13.983 ; 13.983 ; 13.983 ;
; A[6]       ; Z[0]        ; 14.056 ; 14.056 ; 14.056 ; 14.056 ;
; A[6]       ; Z[1]        ; 15.972 ; 15.972 ; 15.972 ; 15.972 ;
; A[6]       ; Z[2]        ; 15.023 ; 15.023 ; 15.023 ; 15.023 ;
; A[6]       ; Z[3]        ; 15.031 ; 15.031 ; 15.031 ; 15.031 ;
; A[6]       ; Z[4]        ; 15.607 ; 15.607 ; 15.607 ; 15.607 ;
; A[6]       ; Z[6]        ; 13.121 ; 13.121 ; 13.121 ; 13.121 ;
; A[6]       ; Z[7]        ; 13.604 ; 13.604 ; 13.604 ; 13.604 ;
; A[7]       ; Z[0]        ; 13.764 ; 13.764 ; 13.764 ; 13.764 ;
; A[7]       ; Z[1]        ; 15.680 ; 15.680 ; 15.680 ; 15.680 ;
; A[7]       ; Z[2]        ; 14.731 ; 14.731 ; 14.731 ; 14.731 ;
; A[7]       ; Z[3]        ; 14.743 ; 14.743 ; 14.743 ; 14.743 ;
; A[7]       ; Z[4]        ; 15.319 ; 15.319 ; 15.319 ; 15.319 ;
; A[7]       ; Z[7]        ; 13.239 ; 13.239 ; 13.239 ; 13.239 ;
; B[0]       ; Z[0]        ; 9.521  ; 9.521  ; 9.521  ; 9.521  ;
; B[0]       ; Z[1]        ; 11.970 ; 11.970 ; 11.970 ; 11.970 ;
; B[0]       ; Z[2]        ; 11.056 ; 11.056 ; 11.056 ; 11.056 ;
; B[0]       ; Z[3]        ; 10.918 ; 10.918 ; 10.918 ; 10.918 ;
; B[0]       ; Z[4]        ; 11.210 ; 11.210 ; 11.210 ; 11.210 ;
; B[0]       ; Z[5]        ; 9.435  ; 9.435  ; 9.435  ; 9.435  ;
; B[0]       ; Z[6]        ; 9.804  ; 9.804  ; 9.804  ; 9.804  ;
; B[0]       ; Z[7]        ; 9.975  ; 9.975  ; 9.975  ; 9.975  ;
; B[1]       ; Z[0]        ; 9.847  ; 9.847  ; 9.847  ; 9.847  ;
; B[1]       ; Z[1]        ; 12.296 ; 12.296 ; 12.296 ; 12.296 ;
; B[1]       ; Z[2]        ; 11.382 ; 11.382 ; 11.382 ; 11.382 ;
; B[1]       ; Z[3]        ; 11.244 ; 11.244 ; 11.244 ; 11.244 ;
; B[1]       ; Z[4]        ; 11.536 ; 11.536 ; 11.536 ; 11.536 ;
; B[1]       ; Z[5]        ; 8.991  ; 8.991  ; 8.991  ; 8.991  ;
; B[1]       ; Z[6]        ; 9.360  ; 9.360  ; 9.360  ; 9.360  ;
; B[1]       ; Z[7]        ; 9.531  ; 9.531  ; 9.531  ; 9.531  ;
; B[2]       ; Z[0]        ; 9.109  ; 9.109  ; 9.109  ; 9.109  ;
; B[2]       ; Z[1]        ; 11.558 ; 11.558 ; 11.558 ; 11.558 ;
; B[2]       ; Z[2]        ; 10.644 ; 10.644 ; 10.644 ; 10.644 ;
; B[2]       ; Z[3]        ; 10.506 ; 10.506 ; 10.506 ; 10.506 ;
; B[2]       ; Z[4]        ; 10.798 ; 10.798 ; 10.798 ; 10.798 ;
; B[2]       ; Z[5]        ; 9.023  ; 9.023  ; 9.023  ; 9.023  ;
; B[2]       ; Z[6]        ; 9.392  ; 9.392  ; 9.392  ; 9.392  ;
; B[2]       ; Z[7]        ; 9.563  ; 9.563  ; 9.563  ; 9.563  ;
; B[3]       ; Z[0]        ; 9.118  ; 9.118  ; 9.118  ; 9.118  ;
; B[3]       ; Z[1]        ; 11.277 ; 11.277 ; 11.277 ; 11.277 ;
; B[3]       ; Z[2]        ; 10.363 ; 10.363 ; 10.363 ; 10.363 ;
; B[3]       ; Z[3]        ; 10.225 ; 10.225 ; 10.225 ; 10.225 ;
; B[3]       ; Z[4]        ; 10.517 ; 10.517 ; 10.517 ; 10.517 ;
; B[3]       ; Z[5]        ; 9.067  ; 9.067  ; 9.067  ; 9.067  ;
; B[3]       ; Z[6]        ; 9.436  ; 9.436  ; 9.436  ; 9.436  ;
; B[3]       ; Z[7]        ; 9.607  ; 9.607  ; 9.607  ; 9.607  ;
; B[4]       ; Z[0]        ; 9.561  ; 9.561  ; 9.561  ; 9.561  ;
; B[4]       ; Z[1]        ; 11.720 ; 11.720 ; 11.720 ; 11.720 ;
; B[4]       ; Z[2]        ; 10.806 ; 10.806 ; 10.806 ; 10.806 ;
; B[4]       ; Z[3]        ; 10.668 ; 10.668 ; 10.668 ; 10.668 ;
; B[4]       ; Z[4]        ; 10.960 ; 10.960 ; 10.960 ; 10.960 ;
; B[4]       ; Z[5]        ; 9.231  ; 9.231  ; 9.231  ; 9.231  ;
; B[4]       ; Z[6]        ; 9.600  ; 9.600  ; 9.600  ; 9.600  ;
; B[4]       ; Z[7]        ; 9.771  ; 9.771  ; 9.771  ; 9.771  ;
; B[5]       ; Z[0]        ; 9.285  ; 9.285  ; 9.285  ; 9.285  ;
; B[5]       ; Z[1]        ; 11.444 ; 11.444 ; 11.444 ; 11.444 ;
; B[5]       ; Z[2]        ; 10.530 ; 10.530 ; 10.530 ; 10.530 ;
; B[5]       ; Z[3]        ; 10.392 ; 10.392 ; 10.392 ; 10.392 ;
; B[5]       ; Z[4]        ; 10.684 ; 10.684 ; 10.684 ; 10.684 ;
; B[5]       ; Z[5]        ; 8.898  ; 8.898  ; 8.898  ; 8.898  ;
; B[5]       ; Z[6]        ; 9.582  ; 9.582  ; 9.582  ; 9.582  ;
; B[5]       ; Z[7]        ; 9.753  ; 9.753  ; 9.753  ; 9.753  ;
; B[6]       ; Z[0]        ; 9.119  ; 9.119  ; 9.119  ; 9.119  ;
; B[6]       ; Z[1]        ; 11.282 ; 11.282 ; 11.282 ; 11.282 ;
; B[6]       ; Z[2]        ; 10.368 ; 10.368 ; 10.368 ; 10.368 ;
; B[6]       ; Z[3]        ; 10.230 ; 10.230 ; 10.230 ; 10.230 ;
; B[6]       ; Z[4]        ; 10.522 ; 10.522 ; 10.522 ; 10.522 ;
; B[6]       ; Z[6]        ; 8.801  ; 8.801  ; 8.801  ; 8.801  ;
; B[6]       ; Z[7]        ; 9.287  ; 9.287  ; 9.287  ; 9.287  ;
; B[7]       ; Z[0]        ; 9.675  ; 9.675  ; 9.675  ; 9.675  ;
; B[7]       ; Z[1]        ; 11.591 ; 11.591 ; 11.591 ; 11.591 ;
; B[7]       ; Z[2]        ; 10.646 ; 10.646 ; 10.646 ; 10.646 ;
; B[7]       ; Z[3]        ; 10.539 ; 10.539 ; 10.539 ; 10.539 ;
; B[7]       ; Z[4]        ; 10.831 ; 10.831 ; 10.831 ; 10.831 ;
; B[7]       ; Z[7]        ; 9.662  ; 9.662  ; 9.662  ; 9.662  ;
; Q[0]       ; Z[0]        ; 13.701 ; 11.781 ; 11.781 ; 13.701 ;
; Q[0]       ; Z[1]        ; 13.490 ; 12.382 ; 12.382 ; 13.490 ;
; Q[0]       ; Z[2]        ; 13.749 ; 11.823 ; 11.823 ; 13.749 ;
; Q[0]       ; Z[3]        ; 13.600 ; 12.018 ; 12.018 ; 13.600 ;
; Q[0]       ; Z[4]        ; 11.942 ; 11.835 ; 11.835 ; 11.942 ;
; Q[0]       ; Z[5]        ; 11.891 ; 11.891 ; 11.891 ; 11.891 ;
; Q[0]       ; Z[6]        ; 12.475 ; 12.475 ; 12.475 ; 12.475 ;
; Q[0]       ; Z[7]        ; 12.613 ; 12.613 ; 12.613 ; 12.613 ;
; Q[1]       ; Z[0]        ; 12.740 ; 13.579 ; 13.579 ; 12.740 ;
; Q[1]       ; Z[1]        ; 13.672 ; 13.672 ; 13.672 ; 13.672 ;
; Q[1]       ; Z[2]        ; 12.678 ; 13.627 ; 13.627 ; 12.678 ;
; Q[1]       ; Z[3]        ; 13.039 ; 13.478 ; 13.478 ; 13.039 ;
; Q[1]       ; Z[4]        ; 12.482 ; 12.482 ; 12.482 ; 12.482 ;
; Q[1]       ; Z[5]        ; 10.948 ; 10.948 ; 10.948 ; 10.948 ;
; Q[1]       ; Z[6]        ; 10.926 ; 10.926 ; 10.926 ; 10.926 ;
; Q[1]       ; Z[7]        ; 10.926 ; 10.926 ; 10.926 ; 10.926 ;
; Q[2]       ; Z[0]        ; 12.850 ; 12.850 ; 12.850 ; 12.850 ;
; Q[2]       ; Z[1]        ; 13.651 ; 13.651 ; 13.651 ; 13.651 ;
; Q[2]       ; Z[2]        ; 12.789 ; 12.789 ; 12.789 ; 12.789 ;
; Q[2]       ; Z[3]        ; 12.872 ; 12.872 ; 12.872 ; 12.872 ;
; Q[2]       ; Z[4]        ; 12.362 ; 12.362 ; 12.362 ; 12.362 ;
; Q[2]       ; Z[5]        ; 12.197 ; 12.197 ; 12.197 ; 12.197 ;
; Q[2]       ; Z[6]        ; 12.286 ; 12.286 ; 12.286 ; 12.286 ;
; Q[2]       ; Z[7]        ; 12.248 ; 12.248 ; 12.248 ; 12.248 ;
+------------+-------------+--------+--------+--------+--------+


+----------------------------------------------------------+
; Minimum Progagation Delay                                ;
+------------+-------------+-------+-------+-------+-------+
; Input Port ; Output Port ; RR    ; RF    ; FR    ; FF    ;
+------------+-------------+-------+-------+-------+-------+
; A[0]       ; Z[0]        ; 4.608 ; 4.852 ; 4.852 ; 4.608 ;
; A[0]       ; Z[1]        ; 5.439 ; 5.439 ; 5.439 ; 5.439 ;
; A[0]       ; Z[2]        ; 5.403 ; 5.403 ; 5.403 ; 5.403 ;
; A[0]       ; Z[3]        ; 5.483 ; 5.483 ; 5.483 ; 5.483 ;
; A[0]       ; Z[4]        ; 5.046 ; 5.046 ; 5.046 ; 5.046 ;
; A[0]       ; Z[5]        ; 5.079 ; 5.079 ; 5.079 ; 5.079 ;
; A[0]       ; Z[6]        ; 5.241 ; 5.241 ; 5.241 ; 5.241 ;
; A[0]       ; Z[7]        ; 5.317 ; 5.317 ; 5.317 ; 5.317 ;
; A[1]       ; Z[0]        ; 5.288 ; 5.288 ; 5.288 ; 5.288 ;
; A[1]       ; Z[1]        ; 4.394 ; 4.540 ; 4.540 ; 4.394 ;
; A[1]       ; Z[2]        ; 5.313 ; 5.313 ; 5.313 ; 5.313 ;
; A[1]       ; Z[3]        ; 5.315 ; 5.315 ; 5.315 ; 5.315 ;
; A[1]       ; Z[4]        ; 4.956 ; 4.956 ; 4.956 ; 4.956 ;
; A[1]       ; Z[5]        ; 4.989 ; 4.989 ; 4.989 ; 4.989 ;
; A[1]       ; Z[6]        ; 5.151 ; 5.151 ; 5.151 ; 5.151 ;
; A[1]       ; Z[7]        ; 5.227 ; 5.227 ; 5.227 ; 5.227 ;
; A[2]       ; Z[0]        ; 5.323 ; 5.323 ; 5.323 ; 5.323 ;
; A[2]       ; Z[1]        ; 5.306 ; 5.306 ; 5.306 ; 5.306 ;
; A[2]       ; Z[2]        ; 4.444 ; 4.807 ; 4.807 ; 4.444 ;
; A[2]       ; Z[3]        ; 5.351 ; 5.351 ; 5.351 ; 5.351 ;
; A[2]       ; Z[4]        ; 4.918 ; 4.918 ; 4.918 ; 4.918 ;
; A[2]       ; Z[5]        ; 4.951 ; 4.951 ; 4.951 ; 4.951 ;
; A[2]       ; Z[6]        ; 5.113 ; 5.113 ; 5.113 ; 5.113 ;
; A[2]       ; Z[7]        ; 5.189 ; 5.189 ; 5.189 ; 5.189 ;
; A[3]       ; Z[0]        ; 5.304 ; 5.304 ; 5.304 ; 5.304 ;
; A[3]       ; Z[1]        ; 5.242 ; 5.242 ; 5.242 ; 5.242 ;
; A[3]       ; Z[2]        ; 5.375 ; 5.375 ; 5.375 ; 5.375 ;
; A[3]       ; Z[3]        ; 4.516 ; 4.695 ; 4.695 ; 4.516 ;
; A[3]       ; Z[4]        ; 4.885 ; 4.885 ; 4.885 ; 4.885 ;
; A[3]       ; Z[5]        ; 4.918 ; 4.918 ; 4.918 ; 4.918 ;
; A[3]       ; Z[6]        ; 5.080 ; 5.080 ; 5.080 ; 5.080 ;
; A[3]       ; Z[7]        ; 5.156 ; 5.156 ; 5.156 ; 5.156 ;
; A[4]       ; Z[0]        ; 5.350 ; 5.350 ; 5.350 ; 5.350 ;
; A[4]       ; Z[1]        ; 5.288 ; 5.288 ; 5.288 ; 5.288 ;
; A[4]       ; Z[2]        ; 5.421 ; 5.421 ; 5.421 ; 5.421 ;
; A[4]       ; Z[3]        ; 5.332 ; 5.332 ; 5.332 ; 5.332 ;
; A[4]       ; Z[4]        ; 4.694 ; 4.694 ; 4.694 ; 4.694 ;
; A[4]       ; Z[5]        ; 4.830 ; 4.830 ; 4.830 ; 4.830 ;
; A[4]       ; Z[6]        ; 4.992 ; 4.992 ; 4.992 ; 4.992 ;
; A[4]       ; Z[7]        ; 5.068 ; 5.068 ; 5.068 ; 5.068 ;
; A[5]       ; Z[0]        ; 7.685 ; 7.685 ; 7.685 ; 7.685 ;
; A[5]       ; Z[1]        ; 7.623 ; 7.623 ; 7.623 ; 7.623 ;
; A[5]       ; Z[2]        ; 7.756 ; 7.756 ; 7.756 ; 7.756 ;
; A[5]       ; Z[3]        ; 7.667 ; 7.667 ; 7.667 ; 7.667 ;
; A[5]       ; Z[4]        ; 7.898 ; 7.898 ; 7.898 ; 7.898 ;
; A[5]       ; Z[5]        ; 6.817 ; 6.817 ; 6.817 ; 6.817 ;
; A[5]       ; Z[6]        ; 7.329 ; 7.329 ; 7.329 ; 7.329 ;
; A[5]       ; Z[7]        ; 7.405 ; 7.405 ; 7.405 ; 7.405 ;
; A[6]       ; Z[0]        ; 7.365 ; 7.365 ; 7.365 ; 7.365 ;
; A[6]       ; Z[1]        ; 7.377 ; 7.377 ; 7.377 ; 7.377 ;
; A[6]       ; Z[2]        ; 7.696 ; 7.696 ; 7.696 ; 7.696 ;
; A[6]       ; Z[3]        ; 7.591 ; 7.591 ; 7.591 ; 7.591 ;
; A[6]       ; Z[4]        ; 7.780 ; 7.780 ; 7.780 ; 7.780 ;
; A[6]       ; Z[6]        ; 6.615 ; 6.615 ; 6.615 ; 6.615 ;
; A[6]       ; Z[7]        ; 7.236 ; 7.236 ; 7.236 ; 7.236 ;
; A[7]       ; Z[0]        ; 7.245 ; 7.245 ; 7.245 ; 7.245 ;
; A[7]       ; Z[1]        ; 7.263 ; 7.263 ; 7.263 ; 7.263 ;
; A[7]       ; Z[2]        ; 7.582 ; 7.582 ; 7.582 ; 7.582 ;
; A[7]       ; Z[3]        ; 7.477 ; 7.477 ; 7.477 ; 7.477 ;
; A[7]       ; Z[4]        ; 7.666 ; 7.666 ; 7.666 ; 7.666 ;
; A[7]       ; Z[7]        ; 6.617 ; 6.617 ; 6.617 ; 6.617 ;
; B[0]       ; Z[0]        ; 3.955 ; 3.990 ; 3.990 ; 3.955 ;
; B[0]       ; Z[1]        ; 5.316 ; 5.316 ; 5.316 ; 5.316 ;
; B[0]       ; Z[2]        ; 4.857 ; 4.857 ; 4.857 ; 4.857 ;
; B[0]       ; Z[3]        ; 4.809 ; 4.809 ; 4.809 ; 4.809 ;
; B[0]       ; Z[4]        ; 4.622 ; 4.622 ; 4.622 ; 4.622 ;
; B[0]       ; Z[5]        ; 4.655 ; 4.655 ; 4.655 ; 4.655 ;
; B[0]       ; Z[6]        ; 4.817 ; 4.817 ; 4.817 ; 4.817 ;
; B[0]       ; Z[7]        ; 4.893 ; 4.893 ; 4.893 ; 4.893 ;
; B[1]       ; Z[0]        ; 4.843 ; 4.843 ; 4.843 ; 4.843 ;
; B[1]       ; Z[1]        ; 3.782 ; 4.077 ; 4.077 ; 3.782 ;
; B[1]       ; Z[2]        ; 4.788 ; 4.788 ; 4.788 ; 4.788 ;
; B[1]       ; Z[3]        ; 4.868 ; 4.868 ; 4.868 ; 4.868 ;
; B[1]       ; Z[4]        ; 4.431 ; 4.431 ; 4.431 ; 4.431 ;
; B[1]       ; Z[5]        ; 4.464 ; 4.464 ; 4.464 ; 4.464 ;
; B[1]       ; Z[6]        ; 4.626 ; 4.626 ; 4.626 ; 4.626 ;
; B[1]       ; Z[7]        ; 4.702 ; 4.702 ; 4.702 ; 4.702 ;
; B[2]       ; Z[0]        ; 4.510 ; 4.510 ; 4.510 ; 4.510 ;
; B[2]       ; Z[1]        ; 5.298 ; 5.298 ; 5.298 ; 5.298 ;
; B[2]       ; Z[2]        ; 3.924 ; 3.993 ; 3.993 ; 3.924 ;
; B[2]       ; Z[3]        ; 4.633 ; 4.633 ; 4.633 ; 4.633 ;
; B[2]       ; Z[4]        ; 4.437 ; 4.437 ; 4.437 ; 4.437 ;
; B[2]       ; Z[5]        ; 4.470 ; 4.470 ; 4.470 ; 4.470 ;
; B[2]       ; Z[6]        ; 4.632 ; 4.632 ; 4.632 ; 4.632 ;
; B[2]       ; Z[7]        ; 4.708 ; 4.708 ; 4.708 ; 4.708 ;
; B[3]       ; Z[0]        ; 4.602 ; 4.602 ; 4.602 ; 4.602 ;
; B[3]       ; Z[1]        ; 5.423 ; 5.423 ; 5.423 ; 5.423 ;
; B[3]       ; Z[2]        ; 4.806 ; 4.806 ; 4.806 ; 4.806 ;
; B[3]       ; Z[3]        ; 4.114 ; 4.490 ; 4.490 ; 4.114 ;
; B[3]       ; Z[4]        ; 4.529 ; 4.529 ; 4.529 ; 4.529 ;
; B[3]       ; Z[5]        ; 4.562 ; 4.562 ; 4.562 ; 4.562 ;
; B[3]       ; Z[6]        ; 4.724 ; 4.724 ; 4.724 ; 4.724 ;
; B[3]       ; Z[7]        ; 4.800 ; 4.800 ; 4.800 ; 4.800 ;
; B[4]       ; Z[0]        ; 4.792 ; 4.792 ; 4.792 ; 4.792 ;
; B[4]       ; Z[1]        ; 5.615 ; 5.615 ; 5.615 ; 5.615 ;
; B[4]       ; Z[2]        ; 4.998 ; 4.998 ; 4.998 ; 4.998 ;
; B[4]       ; Z[3]        ; 4.968 ; 4.968 ; 4.968 ; 4.968 ;
; B[4]       ; Z[4]        ; 4.475 ; 4.475 ; 4.475 ; 4.475 ;
; B[4]       ; Z[5]        ; 4.613 ; 4.613 ; 4.613 ; 4.613 ;
; B[4]       ; Z[6]        ; 4.775 ; 4.775 ; 4.775 ; 4.775 ;
; B[4]       ; Z[7]        ; 4.851 ; 4.851 ; 4.851 ; 4.851 ;
; B[5]       ; Z[0]        ; 4.705 ; 4.705 ; 4.705 ; 4.705 ;
; B[5]       ; Z[1]        ; 5.526 ; 5.526 ; 5.526 ; 5.526 ;
; B[5]       ; Z[2]        ; 4.909 ; 4.909 ; 4.909 ; 4.909 ;
; B[5]       ; Z[3]        ; 4.879 ; 4.879 ; 4.879 ; 4.879 ;
; B[5]       ; Z[4]        ; 5.038 ; 5.038 ; 5.038 ; 5.038 ;
; B[5]       ; Z[5]        ; 4.286 ; 4.318 ; 4.318 ; 4.286 ;
; B[5]       ; Z[6]        ; 4.781 ; 4.781 ; 4.781 ; 4.781 ;
; B[5]       ; Z[7]        ; 4.857 ; 4.857 ; 4.857 ; 4.857 ;
; B[6]       ; Z[0]        ; 4.583 ; 4.583 ; 4.583 ; 4.583 ;
; B[6]       ; Z[1]        ; 5.408 ; 5.408 ; 5.408 ; 5.408 ;
; B[6]       ; Z[2]        ; 4.832 ; 4.832 ; 4.832 ; 4.832 ;
; B[6]       ; Z[3]        ; 4.788 ; 4.788 ; 4.788 ; 4.788 ;
; B[6]       ; Z[4]        ; 4.916 ; 4.916 ; 4.916 ; 4.916 ;
; B[6]       ; Z[6]        ; 3.914 ; 4.217 ; 4.217 ; 3.914 ;
; B[6]       ; Z[7]        ; 4.611 ; 4.611 ; 4.611 ; 4.611 ;
; B[7]       ; Z[0]        ; 4.880 ; 4.880 ; 4.880 ; 4.880 ;
; B[7]       ; Z[1]        ; 5.699 ; 5.699 ; 5.699 ; 5.699 ;
; B[7]       ; Z[2]        ; 5.132 ; 5.132 ; 5.132 ; 5.132 ;
; B[7]       ; Z[3]        ; 5.078 ; 5.078 ; 5.078 ; 5.078 ;
; B[7]       ; Z[4]        ; 5.218 ; 5.218 ; 5.218 ; 5.218 ;
; B[7]       ; Z[7]        ; 4.291 ; 4.634 ; 4.634 ; 4.291 ;
; Q[0]       ; Z[0]        ; 6.644 ; 6.490 ; 6.490 ; 6.644 ;
; Q[0]       ; Z[1]        ; 6.672 ; 6.792 ; 6.792 ; 6.672 ;
; Q[0]       ; Z[2]        ; 6.374 ; 6.486 ; 6.486 ; 6.374 ;
; Q[0]       ; Z[3]        ; 6.656 ; 6.565 ; 6.565 ; 6.656 ;
; Q[0]       ; Z[4]        ; 6.343 ; 6.487 ; 6.487 ; 6.343 ;
; Q[0]       ; Z[5]        ; 6.288 ; 6.405 ; 6.405 ; 6.288 ;
; Q[0]       ; Z[6]        ; 6.503 ; 6.503 ; 6.503 ; 6.503 ;
; Q[0]       ; Z[7]        ; 6.504 ; 6.504 ; 6.504 ; 6.504 ;
; Q[1]       ; Z[0]        ; 6.560 ; 6.867 ; 6.867 ; 6.560 ;
; Q[1]       ; Z[1]        ; 6.603 ; 7.020 ; 7.020 ; 6.603 ;
; Q[1]       ; Z[2]        ; 6.290 ; 6.792 ; 6.792 ; 6.290 ;
; Q[1]       ; Z[3]        ; 6.572 ; 6.976 ; 6.976 ; 6.572 ;
; Q[1]       ; Z[4]        ; 6.460 ; 6.509 ; 6.509 ; 6.460 ;
; Q[1]       ; Z[5]        ; 6.073 ; 6.073 ; 6.073 ; 6.073 ;
; Q[1]       ; Z[6]        ; 6.090 ; 6.090 ; 6.090 ; 6.090 ;
; Q[1]       ; Z[7]        ; 6.089 ; 6.089 ; 6.089 ; 6.089 ;
; Q[2]       ; Z[0]        ; 6.478 ; 6.523 ; 6.523 ; 6.478 ;
; Q[2]       ; Z[1]        ; 7.054 ; 6.511 ; 6.511 ; 7.054 ;
; Q[2]       ; Z[2]        ; 6.208 ; 6.474 ; 6.474 ; 6.208 ;
; Q[2]       ; Z[3]        ; 6.490 ; 6.478 ; 6.478 ; 6.490 ;
; Q[2]       ; Z[4]        ; 6.378 ; 6.028 ; 6.028 ; 6.378 ;
; Q[2]       ; Z[5]        ; 6.597 ; 6.190 ; 6.190 ; 6.597 ;
; Q[2]       ; Z[6]        ; 6.650 ; 6.122 ; 6.122 ; 6.650 ;
; Q[2]       ; Z[7]        ; 6.612 ; 6.124 ; 6.124 ; 6.612 ;
+------------+-------------+-------+-------+-------+-------+


-------------------
; Clock Transfers ;
-------------------
Nothing to report.


---------------
; Report TCCS ;
---------------
No dedicated SERDES Transmitter circuitry present in device or used in design


---------------
; Report RSKM ;
---------------
No dedicated SERDES Receiver circuitry present in device or used in design


+------------------------------------------------+
; Unconstrained Paths                            ;
+---------------------------------+-------+------+
; Property                        ; Setup ; Hold ;
+---------------------------------+-------+------+
; Illegal Clocks                  ; 0     ; 0    ;
; Unconstrained Clocks            ; 0     ; 0    ;
; Unconstrained Input Ports       ; 19    ; 19   ;
; Unconstrained Input Port Paths  ; 146   ; 146  ;
; Unconstrained Output Ports      ; 8     ; 8    ;
; Unconstrained Output Port Paths ; 146   ; 146  ;
+---------------------------------+-------+------+


+------------------------------------+
; TimeQuest Timing Analyzer Messages ;
+------------------------------------+
Info: *******************************************************************
Info: Running Quartus II 64-Bit TimeQuest Timing Analyzer
    Info: Version 12.1 Build 243 01/31/2013 Service Pack 1 SJ Web Edition
    Info: Processing started: Tue Oct 03 20:47:14 2017
Info: Command: quartus_sta part3 -c part3
Info: qsta_default_script.tcl version: #1
Warning (20028): Parallel compilation is not licensed and has been disabled
Info (21077): Low junction temperature is 0 degrees C
Info (21077): High junction temperature is 85 degrees C
Critical Warning (332012): Synopsys Design Constraints File file not found: 'part3.sdc'. A Synopsys Design Constraints File is required by the TimeQuest Timing Analyzer to get proper timing constraints. Without it, the Compiler will not properly optimize the design.
Info (332142): No user constrained base clocks found in the design. Calling "derive_clocks -period 1.0"
Info (332096): The command derive_clocks did not find any clocks to derive.  No clocks were created or changed.
Warning (332068): No clocks defined in design.
Info: Found TIMEQUEST_REPORT_SCRIPT_INCLUDE_DEFAULT_ANALYSIS = ON
Info (332159): No clocks to report
Info: Analyzing Slow Model
Info (332140): No fmax paths to report
Info (332140): No Setup paths to report
Info (332140): No Hold paths to report
Info (332140): No Recovery paths to report
Info (332140): No Removal paths to report
Info (332140): No Minimum Pulse Width paths to report
Info (332001): The selected device family is not supported by the report_metastability command.
Info: Analyzing Fast Model
Info (332142): No user constrained base clocks found in the design. Calling "derive_clocks -period 1.0"
Info (332096): The command derive_clocks did not find any clocks to derive.  No clocks were created or changed.
Warning (332068): No clocks defined in design.
Info (332140): No Setup paths to report
Info (332140): No Hold paths to report
Info (332140): No Recovery paths to report
Info (332140): No Removal paths to report
Info (332140): No Minimum Pulse Width paths to report
Info (332001): The selected device family is not supported by the report_metastability command.
Info (332102): Design is not fully constrained for setup requirements
Info (332102): Design is not fully constrained for hold requirements
Info: Quartus II 64-Bit TimeQuest Timing Analyzer was successful. 0 errors, 4 warnings
    Info: Peak virtual memory: 430 megabytes
    Info: Processing ended: Tue Oct 03 20:47:17 2017
    Info: Elapsed time: 00:00:03
    Info: Total CPU time (on all processors): 00:00:01


