Classic Timing Analyzer report for part2
Wed Sep 27 15:18:05 2017
Quartus II 64-Bit Version 9.1 Build 350 03/24/2010 Service Pack 2 SJ Full Version


---------------------
; Table of Contents ;
---------------------
  1. Legal Notice
  2. Timing Analyzer Summary
  3. Timing Analyzer Settings
  4. Parallel Compilation
  5. tpd
  6. Timing Analyzer Messages



----------------
; Legal Notice ;
----------------
Copyright (C) 1991-2010 Altera Corporation
Your use of Altera Corporation's design tools, logic functions 
and other software and tools, and its AMPP partner logic 
functions, and any output files from any of the foregoing 
(including device programming or simulation files), and any 
associated documentation or information are expressly subject 
to the terms and conditions of the Altera Program License 
Subscription Agreement, Altera MegaCore Function License 
Agreement, or other applicable license agreement, including, 
without limitation, that your use is for the sole purpose of 
programming logic devices manufactured by Altera and sold by 
Altera or its authorized distributors.  Please refer to the 
applicable agreement for further details.



+-------------------------------------------------------------------------------------------------------------------------+
; Timing Analyzer Summary                                                                                                 ;
+------------------------------+-------+---------------+-------------+------+------+------------+----------+--------------+
; Type                         ; Slack ; Required Time ; Actual Time ; From ; To   ; From Clock ; To Clock ; Failed Paths ;
+------------------------------+-------+---------------+-------------+------+------+------------+----------+--------------+
; Worst-case tpd               ; N/A   ; None          ; 15.145 ns   ; s0   ; M[0] ; --         ; --       ; 0            ;
; Total number of failed paths ;       ;               ;             ;      ;      ;            ;          ; 0            ;
+------------------------------+-------+---------------+-------------+------+------+------------+----------+--------------+


+-----------------------------------------------------------------------------------------------------------------------------------------------------+
; Timing Analyzer Settings                                                                                                                            ;
+------------------------------------------------------------------------------------------------------+--------------------+------+----+-------------+
; Option                                                                                               ; Setting            ; From ; To ; Entity Name ;
+------------------------------------------------------------------------------------------------------+--------------------+------+----+-------------+
; Device Name                                                                                          ; EP2C35F672C6       ;      ;    ;             ;
; Timing Models                                                                                        ; Final              ;      ;    ;             ;
; Default hold multicycle                                                                              ; Same as Multicycle ;      ;    ;             ;
; Cut paths between unrelated clock domains                                                            ; On                 ;      ;    ;             ;
; Cut off read during write signal paths                                                               ; On                 ;      ;    ;             ;
; Cut off feedback from I/O pins                                                                       ; On                 ;      ;    ;             ;
; Report Combined Fast/Slow Timing                                                                     ; Off                ;      ;    ;             ;
; Ignore Clock Settings                                                                                ; Off                ;      ;    ;             ;
; Analyze latches as synchronous elements                                                              ; On                 ;      ;    ;             ;
; Enable Recovery/Removal analysis                                                                     ; Off                ;      ;    ;             ;
; Enable Clock Latency                                                                                 ; Off                ;      ;    ;             ;
; Use TimeQuest Timing Analyzer                                                                        ; Off                ;      ;    ;             ;
; Minimum Core Junction Temperature                                                                    ; 0                  ;      ;    ;             ;
; Maximum Core Junction Temperature                                                                    ; 85                 ;      ;    ;             ;
; Number of source nodes to report per destination node                                                ; 10                 ;      ;    ;             ;
; Number of destination nodes to report                                                                ; 10                 ;      ;    ;             ;
; Number of paths to report                                                                            ; 200                ;      ;    ;             ;
; Report Minimum Timing Checks                                                                         ; Off                ;      ;    ;             ;
; Use Fast Timing Models                                                                               ; Off                ;      ;    ;             ;
; Report IO Paths Separately                                                                           ; Off                ;      ;    ;             ;
; Perform Multicorner Analysis                                                                         ; On                 ;      ;    ;             ;
; Reports the worst-case path for each clock domain and analysis                                       ; Off                ;      ;    ;             ;
; Reports worst-case timing paths for each clock domain and analysis                                   ; On                 ;      ;    ;             ;
; Specifies the maximum number of worst-case timing paths to report for each clock domain and analysis ; 100                ;      ;    ;             ;
; Removes common clock path pessimism (CCPP) during slack computation                                  ; Off                ;      ;    ;             ;
; Output I/O Timing Endpoint                                                                           ; Near End           ;      ;    ;             ;
+------------------------------------------------------------------------------------------------------+--------------------+------+----+-------------+


+------------------------------------------+
; Parallel Compilation                     ;
+----------------------------+-------------+
; Processors                 ; Number      ;
+----------------------------+-------------+
; Number detected on machine ; 2           ;
; Maximum allowed            ; 2           ;
;                            ;             ;
; Average used               ; 1.00        ;
; Maximum used               ; 1           ;
;                            ;             ;
; Usage by Processor         ; % Time Used ;
;     1 processor            ; 100.0%      ;
;     2 processors           ;   0.0%      ;
+----------------------------+-------------+


+-----------------------------------------------------------+
; tpd                                                       ;
+-------+-------------------+-----------------+------+------+
; Slack ; Required P2P Time ; Actual P2P Time ; From ; To   ;
+-------+-------------------+-----------------+------+------+
; N/A   ; None              ; 15.145 ns       ; s0   ; M[0] ;
; N/A   ; None              ; 14.620 ns       ; s0   ; M[2] ;
; N/A   ; None              ; 14.129 ns       ; s1   ; M[0] ;
; N/A   ; None              ; 13.921 ns       ; s0   ; M[1] ;
; N/A   ; None              ; 13.920 ns       ; s1   ; M[2] ;
; N/A   ; None              ; 13.707 ns       ; Z[2] ; M[2] ;
; N/A   ; None              ; 13.613 ns       ; Y[2] ; M[2] ;
; N/A   ; None              ; 13.602 ns       ; Y[1] ; M[1] ;
; N/A   ; None              ; 13.586 ns       ; s2   ; M[2] ;
; N/A   ; None              ; 13.392 ns       ; Z[0] ; M[0] ;
; N/A   ; None              ; 13.380 ns       ; s2   ; M[0] ;
; N/A   ; None              ; 13.327 ns       ; Z[1] ; M[1] ;
; N/A   ; None              ; 13.220 ns       ; s1   ; M[1] ;
; N/A   ; None              ; 13.051 ns       ; s2   ; M[1] ;
; N/A   ; None              ; 10.124 ns       ; V[0] ; M[0] ;
; N/A   ; None              ; 10.114 ns       ; U[2] ; M[2] ;
; N/A   ; None              ; 10.039 ns       ; U[0] ; M[0] ;
; N/A   ; None              ; 9.878 ns        ; V[2] ; M[2] ;
; N/A   ; None              ; 9.757 ns        ; W[2] ; M[2] ;
; N/A   ; None              ; 9.599 ns        ; X[2] ; M[2] ;
; N/A   ; None              ; 9.568 ns        ; X[0] ; M[0] ;
; N/A   ; None              ; 9.559 ns        ; Y[0] ; M[0] ;
; N/A   ; None              ; 9.400 ns        ; U[1] ; M[1] ;
; N/A   ; None              ; 9.239 ns        ; V[1] ; M[1] ;
; N/A   ; None              ; 8.944 ns        ; X[1] ; M[1] ;
; N/A   ; None              ; 8.896 ns        ; W[0] ; M[0] ;
; N/A   ; None              ; 8.857 ns        ; W[1] ; M[1] ;
+-------+-------------------+-----------------+------+------+


+--------------------------+
; Timing Analyzer Messages ;
+--------------------------+
Info: *******************************************************************
Info: Running Quartus II 64-Bit Classic Timing Analyzer
    Info: Version 9.1 Build 350 03/24/2010 Service Pack 2 SJ Full Version
    Info: Processing started: Wed Sep 27 15:18:05 2017
Info: Command: quartus_tan --read_settings_files=off --write_settings_files=off part2 -c part2 --timing_analysis_only
Info: Parallel compilation is enabled and will use 2 of the 2 processors detected
Info: Longest tpd from source pin "s0" to destination pin "M[0]" is 15.145 ns
    Info: 1: + IC(0.000 ns) + CELL(0.862 ns) = 0.862 ns; Loc. = PIN_G26; Fanout = 6; PIN Node = 's0'
    Info: 2: + IC(6.500 ns) + CELL(0.438 ns) = 7.800 ns; Loc. = LCCOMB_X32_Y16_N18; Fanout = 1; COMB Node = 'mux3to1:mux5|m[0]~1'
    Info: 3: + IC(0.248 ns) + CELL(0.420 ns) = 8.468 ns; Loc. = LCCOMB_X32_Y16_N28; Fanout = 1; COMB Node = 'mux3to1:mux5|m[0]~2'
    Info: 4: + IC(0.244 ns) + CELL(0.419 ns) = 9.131 ns; Loc. = LCCOMB_X32_Y16_N22; Fanout = 1; COMB Node = 'mux3to1:mux5|m[0]~3'
    Info: 5: + IC(3.206 ns) + CELL(2.808 ns) = 15.145 ns; Loc. = PIN_AE22; Fanout = 0; PIN Node = 'M[0]'
    Info: Total cell delay = 4.947 ns ( 32.66 % )
    Info: Total interconnect delay = 10.198 ns ( 67.34 % )
Info: Quartus II 64-Bit Classic Timing Analyzer was successful. 0 errors, 0 warnings
    Info: Peak virtual memory: 240 megabytes
    Info: Processing ended: Wed Sep 27 15:18:05 2017
    Info: Elapsed time: 00:00:00
    Info: Total CPU time (on all processors): 00:00:00


