Classic Timing Analyzer report for part2
Wed Oct 18 22:06:06 2017
Quartus II 64-Bit Version 9.1 Build 350 03/24/2010 Service Pack 2 SJ Full Version


---------------------
; Table of Contents ;
---------------------
  1. Legal Notice
  2. Timing Analyzer Summary
  3. Timing Analyzer Settings
  4. Clock Settings Summary
  5. Parallel Compilation
  6. Clock Setup: 'KEY'
  7. tsu
  8. tco
  9. tpd
 10. th
 11. Timing Analyzer Messages



----------------
; Legal Notice ;
----------------
Copyright (C) 1991-2010 Altera Corporation
Your use of Altera Corporation's design tools, logic functions 
and other software and tools, and its AMPP partner logic 
functions, and any output files from any of the foregoing 
(including device programming or simulation files), and any 
associated documentation or information are expressly subject 
to the terms and conditions of the Altera Program License 
Subscription Agreement, Altera MegaCore Function License 
Agreement, or other applicable license agreement, including, 
without limitation, that your use is for the sole purpose of 
programming logic devices manufactured by Altera and sold by 
Altera or its authorized distributors.  Please refer to the 
applicable agreement for further details.



+---------------------------------------------------------------------------------------------------------------------------------------------------+
; Timing Analyzer Summary                                                                                                                           ;
+------------------------------+-------+---------------+----------------------------------+--------+---------+------------+----------+--------------+
; Type                         ; Slack ; Required Time ; Actual Time                      ; From   ; To      ; From Clock ; To Clock ; Failed Paths ;
+------------------------------+-------+---------------+----------------------------------+--------+---------+------------+----------+--------------+
; Worst-case tsu               ; N/A   ; None          ; 4.635 ns                         ; SW[4]  ; BIN[4]  ; --         ; KEY      ; 0            ;
; Worst-case tco               ; N/A   ; None          ; 11.666 ns                        ; BIN[0] ; HEX0[2] ; KEY        ; --       ; 0            ;
; Worst-case tpd               ; N/A   ; None          ; 9.092 ns                         ; SW[3]  ; HEX2[2] ; --         ; --       ; 0            ;
; Worst-case th                ; N/A   ; None          ; 0.867 ns                         ; SW[10] ; BIN[0]  ; --         ; KEY      ; 0            ;
; Clock Setup: 'KEY'           ; N/A   ; None          ; 239.87 MHz ( period = 4.169 ns ) ; BIN[1] ; BIN[3]  ; KEY        ; KEY      ; 0            ;
; Total number of failed paths ;       ;               ;                                  ;        ;         ;            ;          ; 0            ;
+------------------------------+-------+---------------+----------------------------------+--------+---------+------------+----------+--------------+


+-----------------------------------------------------------------------------------------------------------------------------------------------------+
; Timing Analyzer Settings                                                                                                                            ;
+------------------------------------------------------------------------------------------------------+--------------------+------+----+-------------+
; Option                                                                                               ; Setting            ; From ; To ; Entity Name ;
+------------------------------------------------------------------------------------------------------+--------------------+------+----+-------------+
; Device Name                                                                                          ; EP2C35F672C6       ;      ;    ;             ;
; Timing Models                                                                                        ; Final              ;      ;    ;             ;
; Default hold multicycle                                                                              ; Same as Multicycle ;      ;    ;             ;
; Cut paths between unrelated clock domains                                                            ; On                 ;      ;    ;             ;
; Cut off read during write signal paths                                                               ; On                 ;      ;    ;             ;
; Cut off feedback from I/O pins                                                                       ; On                 ;      ;    ;             ;
; Report Combined Fast/Slow Timing                                                                     ; Off                ;      ;    ;             ;
; Ignore Clock Settings                                                                                ; Off                ;      ;    ;             ;
; Analyze latches as synchronous elements                                                              ; On                 ;      ;    ;             ;
; Enable Recovery/Removal analysis                                                                     ; Off                ;      ;    ;             ;
; Enable Clock Latency                                                                                 ; Off                ;      ;    ;             ;
; Use TimeQuest Timing Analyzer                                                                        ; Off                ;      ;    ;             ;
; Minimum Core Junction Temperature                                                                    ; 0                  ;      ;    ;             ;
; Maximum Core Junction Temperature                                                                    ; 85                 ;      ;    ;             ;
; Number of source nodes to report per destination node                                                ; 10                 ;      ;    ;             ;
; Number of destination nodes to report                                                                ; 10                 ;      ;    ;             ;
; Number of paths to report                                                                            ; 200                ;      ;    ;             ;
; Report Minimum Timing Checks                                                                         ; Off                ;      ;    ;             ;
; Use Fast Timing Models                                                                               ; Off                ;      ;    ;             ;
; Report IO Paths Separately                                                                           ; Off                ;      ;    ;             ;
; Perform Multicorner Analysis                                                                         ; On                 ;      ;    ;             ;
; Reports the worst-case path for each clock domain and analysis                                       ; Off                ;      ;    ;             ;
; Reports worst-case timing paths for each clock domain and analysis                                   ; On                 ;      ;    ;             ;
; Specifies the maximum number of worst-case timing paths to report for each clock domain and analysis ; 100                ;      ;    ;             ;
; Removes common clock path pessimism (CCPP) during slack computation                                  ; Off                ;      ;    ;             ;
; Output I/O Timing Endpoint                                                                           ; Near End           ;      ;    ;             ;
+------------------------------------------------------------------------------------------------------+--------------------+------+----+-------------+


+------------------------------------------------------------------------------------------------------------------------------------------------------------------------------------+
; Clock Settings Summary                                                                                                                                                             ;
+-----------------+--------------------+----------+------------------+---------------+--------------+----------+-----------------------+---------------------+--------+--------------+
; Clock Node Name ; Clock Setting Name ; Type     ; Fmax Requirement ; Early Latency ; Late Latency ; Based on ; Multiply Base Fmax by ; Divide Base Fmax by ; Offset ; Phase offset ;
+-----------------+--------------------+----------+------------------+---------------+--------------+----------+-----------------------+---------------------+--------+--------------+
; KEY             ;                    ; User Pin ; None             ; 0.000 ns      ; 0.000 ns     ; --       ; N/A                   ; N/A                 ; N/A    ;              ;
+-----------------+--------------------+----------+------------------+---------------+--------------+----------+-----------------------+---------------------+--------+--------------+


+------------------------------------------+
; Parallel Compilation                     ;
+----------------------------+-------------+
; Processors                 ; Number      ;
+----------------------------+-------------+
; Number detected on machine ; 2           ;
; Maximum allowed            ; 2           ;
;                            ;             ;
; Average used               ; 1.00        ;
; Maximum used               ; 1           ;
;                            ;             ;
; Usage by Processor         ; % Time Used ;
;     1 processor            ; 100.0%      ;
;     2 processors           ;   0.0%      ;
+----------------------------+-------------+


+--------------------------------------------------------------------------------------------------------------------------------------------------------------------------------------+
; Clock Setup: 'KEY'                                                                                                                                                                   ;
+-------+------------------------------------------------+--------+--------+------------+----------+-----------------------------+---------------------------+-------------------------+
; Slack ; Actual fmax (period)                           ; From   ; To     ; From Clock ; To Clock ; Required Setup Relationship ; Required Longest P2P Time ; Actual Longest P2P Time ;
+-------+------------------------------------------------+--------+--------+------------+----------+-----------------------------+---------------------------+-------------------------+
; N/A   ; 239.87 MHz ( period = 4.169 ns )               ; BIN[1] ; BIN[3] ; KEY        ; KEY      ; None                        ; None                      ; 3.928 ns                ;
; N/A   ; 244.20 MHz ( period = 4.095 ns )               ; BIN[3] ; BIN[4] ; KEY        ; KEY      ; None                        ; None                      ; 3.881 ns                ;
; N/A   ; 244.26 MHz ( period = 4.094 ns )               ; BIN[1] ; BIN[2] ; KEY        ; KEY      ; None                        ; None                      ; 3.853 ns                ;
; N/A   ; 246.37 MHz ( period = 4.059 ns )               ; BIN[1] ; BIN[4] ; KEY        ; KEY      ; None                        ; None                      ; 3.818 ns                ;
; N/A   ; 246.97 MHz ( period = 4.049 ns )               ; BIN[5] ; BIN[3] ; KEY        ; KEY      ; None                        ; None                      ; 3.835 ns                ;
; N/A   ; 249.00 MHz ( period = 4.016 ns )               ; BIN[4] ; BIN[3] ; KEY        ; KEY      ; None                        ; None                      ; 3.802 ns                ;
; N/A   ; 249.19 MHz ( period = 4.013 ns )               ; BIN[6] ; BIN[3] ; KEY        ; KEY      ; None                        ; None                      ; 3.786 ns                ;
; N/A   ; 250.13 MHz ( period = 3.998 ns )               ; BIN[0] ; BIN[3] ; KEY        ; KEY      ; None                        ; None                      ; 3.757 ns                ;
; N/A   ; 250.31 MHz ( period = 3.995 ns )               ; BIN[3] ; BIN[3] ; KEY        ; KEY      ; None                        ; None                      ; 3.781 ns                ;
; N/A   ; 251.64 MHz ( period = 3.974 ns )               ; BIN[5] ; BIN[2] ; KEY        ; KEY      ; None                        ; None                      ; 3.760 ns                ;
; N/A   ; 253.74 MHz ( period = 3.941 ns )               ; BIN[4] ; BIN[2] ; KEY        ; KEY      ; None                        ; None                      ; 3.727 ns                ;
; N/A   ; 253.94 MHz ( period = 3.938 ns )               ; BIN[6] ; BIN[2] ; KEY        ; KEY      ; None                        ; None                      ; 3.711 ns                ;
; N/A   ; 254.91 MHz ( period = 3.923 ns )               ; BIN[0] ; BIN[2] ; KEY        ; KEY      ; None                        ; None                      ; 3.682 ns                ;
; N/A   ; 255.10 MHz ( period = 3.920 ns )               ; BIN[3] ; BIN[2] ; KEY        ; KEY      ; None                        ; None                      ; 3.706 ns                ;
; N/A   ; 255.10 MHz ( period = 3.920 ns )               ; BIN[5] ; BIN[4] ; KEY        ; KEY      ; None                        ; None                      ; 3.706 ns                ;
; N/A   ; 256.21 MHz ( period = 3.903 ns )               ; BIN[6] ; BIN[4] ; KEY        ; KEY      ; None                        ; None                      ; 3.676 ns                ;
; N/A   ; 256.34 MHz ( period = 3.901 ns )               ; BIN[0] ; BIN[4] ; KEY        ; KEY      ; None                        ; None                      ; 3.660 ns                ;
; N/A   ; 256.74 MHz ( period = 3.895 ns )               ; BIN[3] ; BIN[1] ; KEY        ; KEY      ; None                        ; None                      ; 3.708 ns                ;
; N/A   ; 259.00 MHz ( period = 3.861 ns )               ; BIN[1] ; BIN[1] ; KEY        ; KEY      ; None                        ; None                      ; 3.647 ns                ;
; N/A   ; 260.62 MHz ( period = 3.837 ns )               ; BIN[2] ; BIN[3] ; KEY        ; KEY      ; None                        ; None                      ; 3.623 ns                ;
; N/A   ; 262.12 MHz ( period = 3.815 ns )               ; BIN[4] ; BIN[4] ; KEY        ; KEY      ; None                        ; None                      ; 3.601 ns                ;
; N/A   ; 264.34 MHz ( period = 3.783 ns )               ; BIN[7] ; BIN[3] ; KEY        ; KEY      ; None                        ; None                      ; 3.602 ns                ;
; N/A   ; 264.83 MHz ( period = 3.776 ns )               ; BIN[2] ; BIN[4] ; KEY        ; KEY      ; None                        ; None                      ; 3.562 ns                ;
; N/A   ; 266.52 MHz ( period = 3.752 ns )               ; BIN[2] ; BIN[1] ; KEY        ; KEY      ; None                        ; None                      ; 3.565 ns                ;
; N/A   ; 267.31 MHz ( period = 3.741 ns )               ; BIN[5] ; BIN[1] ; KEY        ; KEY      ; None                        ; None                      ; 3.554 ns                ;
; N/A   ; 269.47 MHz ( period = 3.711 ns )               ; BIN[2] ; BIN[2] ; KEY        ; KEY      ; None                        ; None                      ; 3.497 ns                ;
; N/A   ; 269.69 MHz ( period = 3.708 ns )               ; BIN[4] ; BIN[1] ; KEY        ; KEY      ; None                        ; None                      ; 3.521 ns                ;
; N/A   ; 269.91 MHz ( period = 3.705 ns )               ; BIN[6] ; BIN[1] ; KEY        ; KEY      ; None                        ; None                      ; 3.505 ns                ;
; N/A   ; 271.00 MHz ( period = 3.690 ns )               ; BIN[0] ; BIN[1] ; KEY        ; KEY      ; None                        ; None                      ; 3.476 ns                ;
; N/A   ; 274.35 MHz ( period = 3.645 ns )               ; BIN[7] ; BIN[2] ; KEY        ; KEY      ; None                        ; None                      ; 3.464 ns                ;
; N/A   ; 275.41 MHz ( period = 3.631 ns )               ; BIN[3] ; BIN[0] ; KEY        ; KEY      ; None                        ; None                      ; 3.444 ns                ;
; N/A   ; 279.17 MHz ( period = 3.582 ns )               ; BIN[7] ; BIN[4] ; KEY        ; KEY      ; None                        ; None                      ; 3.401 ns                ;
; N/A   ; 286.70 MHz ( period = 3.488 ns )               ; BIN[2] ; BIN[0] ; KEY        ; KEY      ; None                        ; None                      ; 3.301 ns                ;
; N/A   ; 287.77 MHz ( period = 3.475 ns )               ; BIN[1] ; BIN[0] ; KEY        ; KEY      ; None                        ; None                      ; 3.261 ns                ;
; N/A   ; 289.35 MHz ( period = 3.456 ns )               ; BIN[5] ; BIN[0] ; KEY        ; KEY      ; None                        ; None                      ; 3.269 ns                ;
; N/A   ; 291.29 MHz ( period = 3.433 ns )               ; BIN[0] ; BIN[5] ; KEY        ; KEY      ; None                        ; None                      ; 3.192 ns                ;
; N/A   ; 291.55 MHz ( period = 3.430 ns )               ; BIN[2] ; BIN[5] ; KEY        ; KEY      ; None                        ; None                      ; 3.216 ns                ;
; N/A   ; 291.89 MHz ( period = 3.426 ns )               ; BIN[7] ; BIN[1] ; KEY        ; KEY      ; None                        ; None                      ; 3.272 ns                ;
; N/A   ; 297.53 MHz ( period = 3.361 ns )               ; BIN[1] ; BIN[5] ; KEY        ; KEY      ; None                        ; None                      ; 3.120 ns                ;
; N/A   ; 300.93 MHz ( period = 3.323 ns )               ; BIN[4] ; BIN[0] ; KEY        ; KEY      ; None                        ; None                      ; 3.136 ns                ;
; N/A   ; 301.57 MHz ( period = 3.316 ns )               ; BIN[3] ; BIN[5] ; KEY        ; KEY      ; None                        ; None                      ; 3.102 ns                ;
; N/A   ; 302.66 MHz ( period = 3.304 ns )               ; BIN[0] ; BIN[0] ; KEY        ; KEY      ; None                        ; None                      ; 3.090 ns                ;
; N/A   ; 307.13 MHz ( period = 3.256 ns )               ; BIN[4] ; BIN[5] ; KEY        ; KEY      ; None                        ; None                      ; 3.042 ns                ;
; N/A   ; 309.89 MHz ( period = 3.227 ns )               ; BIN[6] ; BIN[0] ; KEY        ; KEY      ; None                        ; None                      ; 3.027 ns                ;
; N/A   ; 314.07 MHz ( period = 3.184 ns )               ; BIN[0] ; BIN[7] ; KEY        ; KEY      ; None                        ; None                      ; 2.910 ns                ;
; N/A   ; 314.37 MHz ( period = 3.181 ns )               ; BIN[2] ; BIN[7] ; KEY        ; KEY      ; None                        ; None                      ; 2.934 ns                ;
; N/A   ; 315.86 MHz ( period = 3.166 ns )               ; BIN[7] ; BIN[0] ; KEY        ; KEY      ; None                        ; None                      ; 3.012 ns                ;
; N/A   ; 321.34 MHz ( period = 3.112 ns )               ; BIN[1] ; BIN[7] ; KEY        ; KEY      ; None                        ; None                      ; 2.838 ns                ;
; N/A   ; 326.05 MHz ( period = 3.067 ns )               ; BIN[3] ; BIN[7] ; KEY        ; KEY      ; None                        ; None                      ; 2.820 ns                ;
; N/A   ; 332.56 MHz ( period = 3.007 ns )               ; BIN[4] ; BIN[7] ; KEY        ; KEY      ; None                        ; None                      ; 2.760 ns                ;
; N/A   ; 333.33 MHz ( period = 3.000 ns )               ; BIN[0] ; BIN[6] ; KEY        ; KEY      ; None                        ; None                      ; 2.772 ns                ;
; N/A   ; 333.67 MHz ( period = 2.997 ns )               ; BIN[2] ; BIN[6] ; KEY        ; KEY      ; None                        ; None                      ; 2.796 ns                ;
; N/A   ; 335.57 MHz ( period = 2.980 ns )               ; BIN[5] ; BIN[7] ; KEY        ; KEY      ; None                        ; None                      ; 2.733 ns                ;
; N/A   ; 341.53 MHz ( period = 2.928 ns )               ; BIN[1] ; BIN[6] ; KEY        ; KEY      ; None                        ; None                      ; 2.700 ns                ;
; N/A   ; 343.17 MHz ( period = 2.914 ns )               ; BIN[5] ; BIN[5] ; KEY        ; KEY      ; None                        ; None                      ; 2.700 ns                ;
; N/A   ; 346.86 MHz ( period = 2.883 ns )               ; BIN[3] ; BIN[6] ; KEY        ; KEY      ; None                        ; None                      ; 2.682 ns                ;
; N/A   ; 354.23 MHz ( period = 2.823 ns )               ; BIN[4] ; BIN[6] ; KEY        ; KEY      ; None                        ; None                      ; 2.622 ns                ;
; N/A   ; 357.65 MHz ( period = 2.796 ns )               ; BIN[5] ; BIN[6] ; KEY        ; KEY      ; None                        ; None                      ; 2.595 ns                ;
; N/A   ; 404.53 MHz ( period = 2.472 ns )               ; BIN[6] ; BIN[7] ; KEY        ; KEY      ; None                        ; None                      ; 2.212 ns                ;
; N/A   ; Restricted to 450.05 MHz ( period = 2.222 ns ) ; BIN[7] ; BIN[7] ; KEY        ; KEY      ; None                        ; None                      ; 2.007 ns                ;
; N/A   ; Restricted to 450.05 MHz ( period = 2.222 ns ) ; BIN[6] ; BIN[6] ; KEY        ; KEY      ; None                        ; None                      ; 1.762 ns                ;
+-------+------------------------------------------------+--------+--------+------------+----------+-----------------------------+---------------------------+-------------------------+


+----------------------------------------------------------------+
; tsu                                                            ;
+-------+--------------+------------+--------+--------+----------+
; Slack ; Required tsu ; Actual tsu ; From   ; To     ; To Clock ;
+-------+--------------+------------+--------+--------+----------+
; N/A   ; None         ; 4.635 ns   ; SW[4]  ; BIN[4] ; KEY      ;
; N/A   ; None         ; 4.579 ns   ; SW[4]  ; BIN[3] ; KEY      ;
; N/A   ; None         ; 4.576 ns   ; SW[5]  ; BIN[4] ; KEY      ;
; N/A   ; None         ; 4.520 ns   ; SW[5]  ; BIN[3] ; KEY      ;
; N/A   ; None         ; 4.477 ns   ; SW[3]  ; BIN[4] ; KEY      ;
; N/A   ; None         ; 4.421 ns   ; SW[3]  ; BIN[3] ; KEY      ;
; N/A   ; None         ; 4.402 ns   ; SW[4]  ; BIN[2] ; KEY      ;
; N/A   ; None         ; 4.347 ns   ; SW[5]  ; BIN[2] ; KEY      ;
; N/A   ; None         ; 4.245 ns   ; SW[3]  ; BIN[2] ; KEY      ;
; N/A   ; None         ; 4.179 ns   ; SW[4]  ; BIN[1] ; KEY      ;
; N/A   ; None         ; 4.124 ns   ; SW[5]  ; BIN[1] ; KEY      ;
; N/A   ; None         ; 4.022 ns   ; SW[3]  ; BIN[1] ; KEY      ;
; N/A   ; None         ; 3.919 ns   ; SW[4]  ; BIN[0] ; KEY      ;
; N/A   ; None         ; 3.907 ns   ; SW[1]  ; BIN[4] ; KEY      ;
; N/A   ; None         ; 3.864 ns   ; SW[5]  ; BIN[0] ; KEY      ;
; N/A   ; None         ; 3.851 ns   ; SW[1]  ; BIN[3] ; KEY      ;
; N/A   ; None         ; 3.851 ns   ; SW[0]  ; BIN[4] ; KEY      ;
; N/A   ; None         ; 3.795 ns   ; SW[0]  ; BIN[3] ; KEY      ;
; N/A   ; None         ; 3.793 ns   ; SW[6]  ; BIN[4] ; KEY      ;
; N/A   ; None         ; 3.762 ns   ; SW[3]  ; BIN[0] ; KEY      ;
; N/A   ; None         ; 3.737 ns   ; SW[6]  ; BIN[3] ; KEY      ;
; N/A   ; None         ; 3.679 ns   ; SW[1]  ; BIN[2] ; KEY      ;
; N/A   ; None         ; 3.623 ns   ; SW[0]  ; BIN[2] ; KEY      ;
; N/A   ; None         ; 3.576 ns   ; SW[2]  ; BIN[4] ; KEY      ;
; N/A   ; None         ; 3.565 ns   ; SW[6]  ; BIN[2] ; KEY      ;
; N/A   ; None         ; 3.564 ns   ; SW[7]  ; BIN[4] ; KEY      ;
; N/A   ; None         ; 3.520 ns   ; SW[2]  ; BIN[3] ; KEY      ;
; N/A   ; None         ; 3.508 ns   ; SW[7]  ; BIN[3] ; KEY      ;
; N/A   ; None         ; 3.456 ns   ; SW[1]  ; BIN[1] ; KEY      ;
; N/A   ; None         ; 3.400 ns   ; SW[0]  ; BIN[1] ; KEY      ;
; N/A   ; None         ; 3.348 ns   ; SW[2]  ; BIN[2] ; KEY      ;
; N/A   ; None         ; 3.342 ns   ; SW[6]  ; BIN[1] ; KEY      ;
; N/A   ; None         ; 3.338 ns   ; SW[7]  ; BIN[2] ; KEY      ;
; N/A   ; None         ; 3.196 ns   ; SW[1]  ; BIN[0] ; KEY      ;
; N/A   ; None         ; 3.140 ns   ; SW[0]  ; BIN[0] ; KEY      ;
; N/A   ; None         ; 3.125 ns   ; SW[2]  ; BIN[1] ; KEY      ;
; N/A   ; None         ; 3.115 ns   ; SW[7]  ; BIN[1] ; KEY      ;
; N/A   ; None         ; 3.082 ns   ; SW[6]  ; BIN[0] ; KEY      ;
; N/A   ; None         ; 2.865 ns   ; SW[2]  ; BIN[0] ; KEY      ;
; N/A   ; None         ; 2.855 ns   ; SW[7]  ; BIN[0] ; KEY      ;
; N/A   ; None         ; 2.381 ns   ; SW[8]  ; BIN[5] ; KEY      ;
; N/A   ; None         ; 2.202 ns   ; SW[3]  ; BIN[5] ; KEY      ;
; N/A   ; None         ; 1.953 ns   ; SW[3]  ; BIN[7] ; KEY      ;
; N/A   ; None         ; 1.933 ns   ; SW[10] ; BIN[5] ; KEY      ;
; N/A   ; None         ; 1.844 ns   ; SW[9]  ; BIN[3] ; KEY      ;
; N/A   ; None         ; 1.808 ns   ; SW[4]  ; BIN[5] ; KEY      ;
; N/A   ; None         ; 1.785 ns   ; SW[5]  ; BIN[7] ; KEY      ;
; N/A   ; None         ; 1.769 ns   ; SW[3]  ; BIN[6] ; KEY      ;
; N/A   ; None         ; 1.718 ns   ; SW[5]  ; BIN[5] ; KEY      ;
; N/A   ; None         ; 1.618 ns   ; SW[9]  ; BIN[5] ; KEY      ;
; N/A   ; None         ; 1.601 ns   ; SW[5]  ; BIN[6] ; KEY      ;
; N/A   ; None         ; 1.568 ns   ; SW[8]  ; BIN[1] ; KEY      ;
; N/A   ; None         ; 1.559 ns   ; SW[4]  ; BIN[7] ; KEY      ;
; N/A   ; None         ; 1.556 ns   ; SW[8]  ; BIN[2] ; KEY      ;
; N/A   ; None         ; 1.511 ns   ; SW[8]  ; BIN[4] ; KEY      ;
; N/A   ; None         ; 1.504 ns   ; SW[9]  ; BIN[2] ; KEY      ;
; N/A   ; None         ; 1.457 ns   ; SW[1]  ; BIN[5] ; KEY      ;
; N/A   ; None         ; 1.455 ns   ; SW[8]  ; BIN[3] ; KEY      ;
; N/A   ; None         ; 1.431 ns   ; SW[9]  ; BIN[1] ; KEY      ;
; N/A   ; None         ; 1.375 ns   ; SW[4]  ; BIN[6] ; KEY      ;
; N/A   ; None         ; 1.349 ns   ; SW[9]  ; BIN[0] ; KEY      ;
; N/A   ; None         ; 1.284 ns   ; SW[0]  ; BIN[5] ; KEY      ;
; N/A   ; None         ; 1.262 ns   ; SW[9]  ; BIN[4] ; KEY      ;
; N/A   ; None         ; 1.208 ns   ; SW[1]  ; BIN[7] ; KEY      ;
; N/A   ; None         ; 1.205 ns   ; SW[10] ; BIN[4] ; KEY      ;
; N/A   ; None         ; 1.164 ns   ; SW[6]  ; BIN[7] ; KEY      ;
; N/A   ; None         ; 1.116 ns   ; SW[8]  ; BIN[6] ; KEY      ;
; N/A   ; None         ; 1.092 ns   ; SW[8]  ; BIN[0] ; KEY      ;
; N/A   ; None         ; 1.035 ns   ; SW[0]  ; BIN[7] ; KEY      ;
; N/A   ; None         ; 1.024 ns   ; SW[1]  ; BIN[6] ; KEY      ;
; N/A   ; None         ; 1.022 ns   ; SW[2]  ; BIN[5] ; KEY      ;
; N/A   ; None         ; 0.952 ns   ; SW[8]  ; BIN[7] ; KEY      ;
; N/A   ; None         ; 0.851 ns   ; SW[0]  ; BIN[6] ; KEY      ;
; N/A   ; None         ; 0.847 ns   ; SW[6]  ; BIN[6] ; KEY      ;
; N/A   ; None         ; 0.814 ns   ; SW[9]  ; BIN[7] ; KEY      ;
; N/A   ; None         ; 0.786 ns   ; SW[7]  ; BIN[7] ; KEY      ;
; N/A   ; None         ; 0.773 ns   ; SW[2]  ; BIN[7] ; KEY      ;
; N/A   ; None         ; 0.662 ns   ; SW[10] ; BIN[6] ; KEY      ;
; N/A   ; None         ; 0.614 ns   ; SW[9]  ; BIN[6] ; KEY      ;
; N/A   ; None         ; 0.589 ns   ; SW[2]  ; BIN[6] ; KEY      ;
; N/A   ; None         ; -0.417 ns  ; SW[10] ; BIN[3] ; KEY      ;
; N/A   ; None         ; -0.419 ns  ; SW[10] ; BIN[2] ; KEY      ;
; N/A   ; None         ; -0.453 ns  ; SW[10] ; BIN[7] ; KEY      ;
; N/A   ; None         ; -0.515 ns  ; SW[10] ; BIN[1] ; KEY      ;
; N/A   ; None         ; -0.637 ns  ; SW[10] ; BIN[0] ; KEY      ;
+-------+--------------+------------+--------+--------+----------+


+-------------------------------------------------------------------+
; tco                                                               ;
+-------+--------------+------------+--------+---------+------------+
; Slack ; Required tco ; Actual tco ; From   ; To      ; From Clock ;
+-------+--------------+------------+--------+---------+------------+
; N/A   ; None         ; 11.666 ns  ; BIN[0] ; HEX0[2] ; KEY        ;
; N/A   ; None         ; 11.397 ns  ; BIN[2] ; HEX0[2] ; KEY        ;
; N/A   ; None         ; 11.395 ns  ; BIN[3] ; HEX0[2] ; KEY        ;
; N/A   ; None         ; 11.179 ns  ; BIN[6] ; HEX1[4] ; KEY        ;
; N/A   ; None         ; 11.147 ns  ; BIN[0] ; HEX0[0] ; KEY        ;
; N/A   ; None         ; 11.068 ns  ; BIN[1] ; HEX0[2] ; KEY        ;
; N/A   ; None         ; 10.955 ns  ; BIN[0] ; HEX0[3] ; KEY        ;
; N/A   ; None         ; 10.911 ns  ; BIN[5] ; HEX1[4] ; KEY        ;
; N/A   ; None         ; 10.882 ns  ; BIN[2] ; HEX0[0] ; KEY        ;
; N/A   ; None         ; 10.877 ns  ; BIN[3] ; HEX0[0] ; KEY        ;
; N/A   ; None         ; 10.826 ns  ; BIN[7] ; HEX1[4] ; KEY        ;
; N/A   ; None         ; 10.748 ns  ; BIN[6] ; HEX1[6] ; KEY        ;
; N/A   ; None         ; 10.714 ns  ; BIN[6] ; HEX1[1] ; KEY        ;
; N/A   ; None         ; 10.687 ns  ; BIN[3] ; HEX0[3] ; KEY        ;
; N/A   ; None         ; 10.684 ns  ; BIN[2] ; HEX0[3] ; KEY        ;
; N/A   ; None         ; 10.631 ns  ; BIN[4] ; HEX1[4] ; KEY        ;
; N/A   ; None         ; 10.619 ns  ; BIN[6] ; HEX1[3] ; KEY        ;
; N/A   ; None         ; 10.610 ns  ; BIN[6] ; HEX1[5] ; KEY        ;
; N/A   ; None         ; 10.519 ns  ; BIN[1] ; HEX0[0] ; KEY        ;
; N/A   ; None         ; 10.468 ns  ; BIN[5] ; HEX1[6] ; KEY        ;
; N/A   ; None         ; 10.435 ns  ; BIN[5] ; HEX1[1] ; KEY        ;
; N/A   ; None         ; 10.419 ns  ; BIN[1] ; HEX0[5] ; KEY        ;
; N/A   ; None         ; 10.419 ns  ; BIN[0] ; HEX0[4] ; KEY        ;
; N/A   ; None         ; 10.415 ns  ; BIN[2] ; HEX0[5] ; KEY        ;
; N/A   ; None         ; 10.386 ns  ; BIN[7] ; HEX1[6] ; KEY        ;
; N/A   ; None         ; 10.361 ns  ; BIN[1] ; HEX0[3] ; KEY        ;
; N/A   ; None         ; 10.352 ns  ; BIN[7] ; HEX1[1] ; KEY        ;
; N/A   ; None         ; 10.342 ns  ; BIN[5] ; HEX1[5] ; KEY        ;
; N/A   ; None         ; 10.330 ns  ; BIN[5] ; HEX1[3] ; KEY        ;
; N/A   ; None         ; 10.330 ns  ; BIN[6] ; HEX1[0] ; KEY        ;
; N/A   ; None         ; 10.257 ns  ; BIN[7] ; HEX1[5] ; KEY        ;
; N/A   ; None         ; 10.246 ns  ; BIN[7] ; HEX1[3] ; KEY        ;
; N/A   ; None         ; 10.230 ns  ; BIN[4] ; HEX1[6] ; KEY        ;
; N/A   ; None         ; 10.217 ns  ; BIN[3] ; HEX0[5] ; KEY        ;
; N/A   ; None         ; 10.196 ns  ; BIN[4] ; HEX1[1] ; KEY        ;
; N/A   ; None         ; 10.153 ns  ; BIN[0] ; HEX0[5] ; KEY        ;
; N/A   ; None         ; 10.150 ns  ; BIN[2] ; HEX0[4] ; KEY        ;
; N/A   ; None         ; 10.150 ns  ; BIN[3] ; HEX0[4] ; KEY        ;
; N/A   ; None         ; 10.104 ns  ; BIN[4] ; HEX1[3] ; KEY        ;
; N/A   ; None         ; 10.087 ns  ; BIN[4] ; HEX1[5] ; KEY        ;
; N/A   ; None         ; 10.056 ns  ; BIN[1] ; HEX0[6] ; KEY        ;
; N/A   ; None         ; 10.051 ns  ; BIN[2] ; HEX0[6] ; KEY        ;
; N/A   ; None         ; 10.042 ns  ; BIN[5] ; HEX1[0] ; KEY        ;
; N/A   ; None         ; 9.960 ns   ; BIN[7] ; HEX1[0] ; KEY        ;
; N/A   ; None         ; 9.883 ns   ; BIN[3] ; HEX0[6] ; KEY        ;
; N/A   ; None         ; 9.825 ns   ; BIN[1] ; HEX0[4] ; KEY        ;
; N/A   ; None         ; 9.820 ns   ; BIN[4] ; HEX1[0] ; KEY        ;
; N/A   ; None         ; 9.789 ns   ; BIN[0] ; HEX0[6] ; KEY        ;
; N/A   ; None         ; 9.761 ns   ; BIN[6] ; HEX1[2] ; KEY        ;
; N/A   ; None         ; 9.546 ns   ; BIN[0] ; HEX0[1] ; KEY        ;
; N/A   ; None         ; 9.471 ns   ; BIN[5] ; HEX1[2] ; KEY        ;
; N/A   ; None         ; 9.388 ns   ; BIN[7] ; HEX1[2] ; KEY        ;
; N/A   ; None         ; 9.276 ns   ; BIN[3] ; HEX0[1] ; KEY        ;
; N/A   ; None         ; 9.275 ns   ; BIN[2] ; HEX0[1] ; KEY        ;
; N/A   ; None         ; 9.247 ns   ; BIN[4] ; HEX1[2] ; KEY        ;
; N/A   ; None         ; 8.950 ns   ; BIN[1] ; HEX0[1] ; KEY        ;
+-------+--------------+------------+--------+---------+------------+


+---------------------------------------------------------------+
; tpd                                                           ;
+-------+-------------------+-----------------+-------+---------+
; Slack ; Required P2P Time ; Actual P2P Time ; From  ; To      ;
+-------+-------------------+-----------------+-------+---------+
; N/A   ; None              ; 9.092 ns        ; SW[3] ; HEX2[2] ;
; N/A   ; None              ; 8.634 ns        ; SW[5] ; HEX3[0] ;
; N/A   ; None              ; 8.604 ns        ; SW[5] ; HEX3[1] ;
; N/A   ; None              ; 8.464 ns        ; SW[3] ; HEX2[0] ;
; N/A   ; None              ; 8.456 ns        ; SW[5] ; HEX3[2] ;
; N/A   ; None              ; 8.429 ns        ; SW[1] ; HEX2[2] ;
; N/A   ; None              ; 8.360 ns        ; SW[0] ; HEX2[2] ;
; N/A   ; None              ; 8.332 ns        ; SW[4] ; HEX3[0] ;
; N/A   ; None              ; 8.307 ns        ; SW[4] ; HEX3[1] ;
; N/A   ; None              ; 8.169 ns        ; SW[3] ; HEX2[1] ;
; N/A   ; None              ; 8.162 ns        ; SW[3] ; HEX2[6] ;
; N/A   ; None              ; 8.159 ns        ; SW[4] ; HEX3[2] ;
; N/A   ; None              ; 8.153 ns        ; SW[3] ; HEX2[5] ;
; N/A   ; None              ; 8.096 ns        ; SW[7] ; HEX3[0] ;
; N/A   ; None              ; 8.075 ns        ; SW[2] ; HEX2[2] ;
; N/A   ; None              ; 8.072 ns        ; SW[7] ; HEX3[1] ;
; N/A   ; None              ; 7.929 ns        ; SW[3] ; HEX2[4] ;
; N/A   ; None              ; 7.927 ns        ; SW[3] ; HEX2[3] ;
; N/A   ; None              ; 7.915 ns        ; SW[7] ; HEX3[2] ;
; N/A   ; None              ; 7.910 ns        ; SW[6] ; HEX3[0] ;
; N/A   ; None              ; 7.889 ns        ; SW[6] ; HEX3[1] ;
; N/A   ; None              ; 7.822 ns        ; SW[1] ; HEX2[0] ;
; N/A   ; None              ; 7.767 ns        ; SW[0] ; HEX2[0] ;
; N/A   ; None              ; 7.731 ns        ; SW[6] ; HEX3[2] ;
; N/A   ; None              ; 7.521 ns        ; SW[1] ; HEX2[5] ;
; N/A   ; None              ; 7.496 ns        ; SW[1] ; HEX2[1] ;
; N/A   ; None              ; 7.493 ns        ; SW[1] ; HEX2[6] ;
; N/A   ; None              ; 7.488 ns        ; SW[2] ; HEX2[0] ;
; N/A   ; None              ; 7.453 ns        ; SW[0] ; HEX2[5] ;
; N/A   ; None              ; 7.435 ns        ; SW[0] ; HEX2[6] ;
; N/A   ; None              ; 7.421 ns        ; SW[7] ; HEX3[3] ;
; N/A   ; None              ; 7.416 ns        ; SW[0] ; HEX2[1] ;
; N/A   ; None              ; 7.376 ns        ; SW[7] ; HEX3[4] ;
; N/A   ; None              ; 7.270 ns        ; SW[1] ; HEX2[4] ;
; N/A   ; None              ; 7.265 ns        ; SW[1] ; HEX2[3] ;
; N/A   ; None              ; 7.200 ns        ; SW[0] ; HEX2[4] ;
; N/A   ; None              ; 7.196 ns        ; SW[0] ; HEX2[3] ;
; N/A   ; None              ; 7.174 ns        ; SW[2] ; HEX2[5] ;
; N/A   ; None              ; 7.164 ns        ; SW[2] ; HEX2[1] ;
; N/A   ; None              ; 7.156 ns        ; SW[2] ; HEX2[6] ;
; N/A   ; None              ; 7.111 ns        ; SW[5] ; HEX3[3] ;
; N/A   ; None              ; 7.086 ns        ; SW[7] ; HEX3[6] ;
; N/A   ; None              ; 7.079 ns        ; SW[7] ; HEX3[5] ;
; N/A   ; None              ; 7.070 ns        ; SW[5] ; HEX3[4] ;
; N/A   ; None              ; 6.914 ns        ; SW[2] ; HEX2[4] ;
; N/A   ; None              ; 6.913 ns        ; SW[2] ; HEX2[3] ;
; N/A   ; None              ; 6.780 ns        ; SW[5] ; HEX3[6] ;
; N/A   ; None              ; 6.769 ns        ; SW[5] ; HEX3[5] ;
; N/A   ; None              ; 6.758 ns        ; SW[4] ; HEX3[3] ;
; N/A   ; None              ; 6.721 ns        ; SW[6] ; HEX3[3] ;
; N/A   ; None              ; 6.717 ns        ; SW[4] ; HEX3[4] ;
; N/A   ; None              ; 6.683 ns        ; SW[6] ; HEX3[4] ;
; N/A   ; None              ; 6.426 ns        ; SW[4] ; HEX3[6] ;
; N/A   ; None              ; 6.416 ns        ; SW[4] ; HEX3[5] ;
; N/A   ; None              ; 6.392 ns        ; SW[6] ; HEX3[6] ;
; N/A   ; None              ; 6.378 ns        ; SW[6] ; HEX3[5] ;
+-------+-------------------+-----------------+-------+---------+


+----------------------------------------------------------------------+
; th                                                                   ;
+---------------+-------------+-----------+--------+--------+----------+
; Minimum Slack ; Required th ; Actual th ; From   ; To     ; To Clock ;
+---------------+-------------+-----------+--------+--------+----------+
; N/A           ; None        ; 0.867 ns  ; SW[10] ; BIN[0] ; KEY      ;
; N/A           ; None        ; 0.749 ns  ; SW[0]  ; BIN[0] ; KEY      ;
; N/A           ; None        ; 0.745 ns  ; SW[10] ; BIN[1] ; KEY      ;
; N/A           ; None        ; 0.683 ns  ; SW[10] ; BIN[7] ; KEY      ;
; N/A           ; None        ; 0.678 ns  ; SW[10] ; BIN[6] ; KEY      ;
; N/A           ; None        ; 0.654 ns  ; SW[10] ; BIN[4] ; KEY      ;
; N/A           ; None        ; 0.649 ns  ; SW[10] ; BIN[2] ; KEY      ;
; N/A           ; None        ; 0.648 ns  ; SW[10] ; BIN[5] ; KEY      ;
; N/A           ; None        ; 0.647 ns  ; SW[10] ; BIN[3] ; KEY      ;
; N/A           ; None        ; 0.493 ns  ; SW[1]  ; BIN[1] ; KEY      ;
; N/A           ; None        ; 0.297 ns  ; SW[2]  ; BIN[2] ; KEY      ;
; N/A           ; None        ; 0.131 ns  ; SW[9]  ; BIN[7] ; KEY      ;
; N/A           ; None        ; -0.054 ns ; SW[6]  ; BIN[6] ; KEY      ;
; N/A           ; None        ; -0.065 ns ; SW[7]  ; BIN[7] ; KEY      ;
; N/A           ; None        ; -0.221 ns ; SW[8]  ; BIN[7] ; KEY      ;
; N/A           ; None        ; -0.291 ns ; SW[9]  ; BIN[4] ; KEY      ;
; N/A           ; None        ; -0.302 ns ; SW[9]  ; BIN[6] ; KEY      ;
; N/A           ; None        ; -0.359 ns ; SW[2]  ; BIN[6] ; KEY      ;
; N/A           ; None        ; -0.434 ns ; SW[3]  ; BIN[3] ; KEY      ;
; N/A           ; None        ; -0.454 ns ; SW[8]  ; BIN[0] ; KEY      ;
; N/A           ; None        ; -0.543 ns ; SW[2]  ; BIN[7] ; KEY      ;
; N/A           ; None        ; -0.571 ns ; SW[8]  ; BIN[1] ; KEY      ;
; N/A           ; None        ; -0.576 ns ; SW[8]  ; BIN[6] ; KEY      ;
; N/A           ; None        ; -0.621 ns ; SW[0]  ; BIN[6] ; KEY      ;
; N/A           ; None        ; -0.716 ns ; SW[9]  ; BIN[2] ; KEY      ;
; N/A           ; None        ; -0.718 ns ; SW[9]  ; BIN[1] ; KEY      ;
; N/A           ; None        ; -0.723 ns ; SW[9]  ; BIN[3] ; KEY      ;
; N/A           ; None        ; -0.792 ns ; SW[2]  ; BIN[5] ; KEY      ;
; N/A           ; None        ; -0.794 ns ; SW[1]  ; BIN[6] ; KEY      ;
; N/A           ; None        ; -0.805 ns ; SW[0]  ; BIN[7] ; KEY      ;
; N/A           ; None        ; -0.829 ns ; SW[9]  ; BIN[0] ; KEY      ;
; N/A           ; None        ; -0.847 ns ; SW[8]  ; BIN[5] ; KEY      ;
; N/A           ; None        ; -0.860 ns ; SW[8]  ; BIN[4] ; KEY      ;
; N/A           ; None        ; -0.921 ns ; SW[8]  ; BIN[2] ; KEY      ;
; N/A           ; None        ; -0.934 ns ; SW[6]  ; BIN[7] ; KEY      ;
; N/A           ; None        ; -0.978 ns ; SW[1]  ; BIN[7] ; KEY      ;
; N/A           ; None        ; -1.026 ns ; SW[9]  ; BIN[5] ; KEY      ;
; N/A           ; None        ; -1.054 ns ; SW[0]  ; BIN[5] ; KEY      ;
; N/A           ; None        ; -1.055 ns ; SW[5]  ; BIN[5] ; KEY      ;
; N/A           ; None        ; -1.130 ns ; SW[7]  ; BIN[0] ; KEY      ;
; N/A           ; None        ; -1.132 ns ; SW[2]  ; BIN[4] ; KEY      ;
; N/A           ; None        ; -1.137 ns ; SW[8]  ; BIN[3] ; KEY      ;
; N/A           ; None        ; -1.140 ns ; SW[2]  ; BIN[0] ; KEY      ;
; N/A           ; None        ; -1.145 ns ; SW[4]  ; BIN[6] ; KEY      ;
; N/A           ; None        ; -1.199 ns ; SW[2]  ; BIN[3] ; KEY      ;
; N/A           ; None        ; -1.199 ns ; SW[0]  ; BIN[1] ; KEY      ;
; N/A           ; None        ; -1.227 ns ; SW[1]  ; BIN[5] ; KEY      ;
; N/A           ; None        ; -1.269 ns ; SW[2]  ; BIN[1] ; KEY      ;
; N/A           ; None        ; -1.329 ns ; SW[4]  ; BIN[7] ; KEY      ;
; N/A           ; None        ; -1.357 ns ; SW[6]  ; BIN[0] ; KEY      ;
; N/A           ; None        ; -1.371 ns ; SW[5]  ; BIN[6] ; KEY      ;
; N/A           ; None        ; -1.394 ns ; SW[0]  ; BIN[4] ; KEY      ;
; N/A           ; None        ; -1.412 ns ; SW[0]  ; BIN[2] ; KEY      ;
; N/A           ; None        ; -1.461 ns ; SW[0]  ; BIN[3] ; KEY      ;
; N/A           ; None        ; -1.471 ns ; SW[1]  ; BIN[0] ; KEY      ;
; N/A           ; None        ; -1.493 ns ; SW[4]  ; BIN[4] ; KEY      ;
; N/A           ; None        ; -1.539 ns ; SW[3]  ; BIN[6] ; KEY      ;
; N/A           ; None        ; -1.555 ns ; SW[5]  ; BIN[7] ; KEY      ;
; N/A           ; None        ; -1.567 ns ; SW[1]  ; BIN[4] ; KEY      ;
; N/A           ; None        ; -1.578 ns ; SW[4]  ; BIN[5] ; KEY      ;
; N/A           ; None        ; -1.585 ns ; SW[1]  ; BIN[2] ; KEY      ;
; N/A           ; None        ; -1.634 ns ; SW[1]  ; BIN[3] ; KEY      ;
; N/A           ; None        ; -1.723 ns ; SW[3]  ; BIN[7] ; KEY      ;
; N/A           ; None        ; -1.740 ns ; SW[7]  ; BIN[1] ; KEY      ;
; N/A           ; None        ; -1.969 ns ; SW[6]  ; BIN[1] ; KEY      ;
; N/A           ; None        ; -1.972 ns ; SW[3]  ; BIN[5] ; KEY      ;
; N/A           ; None        ; -2.037 ns ; SW[3]  ; BIN[0] ; KEY      ;
; N/A           ; None        ; -2.139 ns ; SW[5]  ; BIN[0] ; KEY      ;
; N/A           ; None        ; -2.194 ns ; SW[4]  ; BIN[0] ; KEY      ;
; N/A           ; None        ; -2.213 ns ; SW[7]  ; BIN[3] ; KEY      ;
; N/A           ; None        ; -2.312 ns ; SW[3]  ; BIN[4] ; KEY      ;
; N/A           ; None        ; -2.329 ns ; SW[3]  ; BIN[1] ; KEY      ;
; N/A           ; None        ; -2.395 ns ; SW[7]  ; BIN[4] ; KEY      ;
; N/A           ; None        ; -2.431 ns ; SW[5]  ; BIN[1] ; KEY      ;
; N/A           ; None        ; -2.442 ns ; SW[6]  ; BIN[3] ; KEY      ;
; N/A           ; None        ; -2.463 ns ; SW[7]  ; BIN[2] ; KEY      ;
; N/A           ; None        ; -2.486 ns ; SW[4]  ; BIN[1] ; KEY      ;
; N/A           ; None        ; -2.624 ns ; SW[6]  ; BIN[4] ; KEY      ;
; N/A           ; None        ; -2.692 ns ; SW[6]  ; BIN[2] ; KEY      ;
; N/A           ; None        ; -2.863 ns ; SW[5]  ; BIN[3] ; KEY      ;
; N/A           ; None        ; -2.918 ns ; SW[4]  ; BIN[3] ; KEY      ;
; N/A           ; None        ; -2.978 ns ; SW[5]  ; BIN[4] ; KEY      ;
; N/A           ; None        ; -3.052 ns ; SW[3]  ; BIN[2] ; KEY      ;
; N/A           ; None        ; -3.154 ns ; SW[5]  ; BIN[2] ; KEY      ;
; N/A           ; None        ; -3.209 ns ; SW[4]  ; BIN[2] ; KEY      ;
+---------------+-------------+-----------+--------+--------+----------+


+--------------------------+
; Timing Analyzer Messages ;
+--------------------------+
Info: *******************************************************************
Info: Running Quartus II 64-Bit Classic Timing Analyzer
    Info: Version 9.1 Build 350 03/24/2010 Service Pack 2 SJ Full Version
    Info: Processing started: Wed Oct 18 22:06:05 2017
Info: Command: quartus_tan --read_settings_files=off --write_settings_files=off part2 -c part2 --timing_analysis_only
Info: Parallel compilation is enabled and will use 2 of the 2 processors detected
Warning: Found pins functioning as undefined clocks and/or memory enables
    Info: Assuming node "KEY" is an undefined clock
Info: Clock "KEY" has Internal fmax of 239.87 MHz between source register "BIN[1]" and destination register "BIN[3]" (period= 4.169 ns)
    Info: + Longest register to register delay is 3.928 ns
        Info: 1: + IC(0.000 ns) + CELL(0.000 ns) = 0.000 ns; Loc. = LCFF_X48_Y18_N17; Fanout = 14; REG Node = 'BIN[1]'
        Info: 2: + IC(0.377 ns) + CELL(0.275 ns) = 0.652 ns; Loc. = LCCOMB_X48_Y18_N14; Fanout = 2; COMB Node = 'fadder:add1|Add7~0'
        Info: 3: + IC(0.412 ns) + CELL(0.275 ns) = 1.339 ns; Loc. = LCCOMB_X47_Y18_N4; Fanout = 3; COMB Node = 'fadder:add1|Add12~0'
        Info: 4: + IC(0.268 ns) + CELL(0.275 ns) = 1.882 ns; Loc. = LCCOMB_X47_Y18_N24; Fanout = 2; COMB Node = 'fadder:add1|Add12~3'
        Info: 5: + IC(0.269 ns) + CELL(0.414 ns) = 2.565 ns; Loc. = LCCOMB_X47_Y18_N8; Fanout = 2; COMB Node = 'fadder:add1|Add15~3'
        Info: 6: + IC(0.000 ns) + CELL(0.071 ns) = 2.636 ns; Loc. = LCCOMB_X47_Y18_N10; Fanout = 2; COMB Node = 'fadder:add1|Add15~5'
        Info: 7: + IC(0.000 ns) + CELL(0.410 ns) = 3.046 ns; Loc. = LCCOMB_X47_Y18_N12; Fanout = 1; COMB Node = 'fadder:add1|Add15~6'
        Info: 8: + IC(0.243 ns) + CELL(0.150 ns) = 3.439 ns; Loc. = LCCOMB_X47_Y18_N2; Fanout = 1; COMB Node = 'fadder:add1|Z[3]~6'
        Info: 9: + IC(0.255 ns) + CELL(0.150 ns) = 3.844 ns; Loc. = LCCOMB_X47_Y18_N16; Fanout = 1; COMB Node = 'fadder:add1|Z[3]~8'
        Info: 10: + IC(0.000 ns) + CELL(0.084 ns) = 3.928 ns; Loc. = LCFF_X47_Y18_N17; Fanout = 13; REG Node = 'BIN[3]'
        Info: Total cell delay = 2.104 ns ( 53.56 % )
        Info: Total interconnect delay = 1.824 ns ( 46.44 % )
    Info: - Smallest clock skew is -0.027 ns
        Info: + Shortest clock path from clock "KEY" to destination register is 3.434 ns
            Info: 1: + IC(0.000 ns) + CELL(0.862 ns) = 0.862 ns; Loc. = PIN_G26; Fanout = 8; CLK Node = 'KEY'
            Info: 2: + IC(2.035 ns) + CELL(0.537 ns) = 3.434 ns; Loc. = LCFF_X47_Y18_N17; Fanout = 13; REG Node = 'BIN[3]'
            Info: Total cell delay = 1.399 ns ( 40.74 % )
            Info: Total interconnect delay = 2.035 ns ( 59.26 % )
        Info: - Longest clock path from clock "KEY" to source register is 3.461 ns
            Info: 1: + IC(0.000 ns) + CELL(0.862 ns) = 0.862 ns; Loc. = PIN_G26; Fanout = 8; CLK Node = 'KEY'
            Info: 2: + IC(2.062 ns) + CELL(0.537 ns) = 3.461 ns; Loc. = LCFF_X48_Y18_N17; Fanout = 14; REG Node = 'BIN[1]'
            Info: Total cell delay = 1.399 ns ( 40.42 % )
            Info: Total interconnect delay = 2.062 ns ( 59.58 % )
    Info: + Micro clock to output delay of source is 0.250 ns
    Info: + Micro setup delay of destination is -0.036 ns
Info: tsu for register "BIN[4]" (data pin = "SW[4]", clock pin = "KEY") is 4.635 ns
    Info: + Longest pin to register delay is 8.105 ns
        Info: 1: + IC(0.000 ns) + CELL(0.999 ns) = 0.999 ns; Loc. = PIN_AF14; Fanout = 13; PIN Node = 'SW[4]'
        Info: 2: + IC(2.465 ns) + CELL(0.150 ns) = 3.614 ns; Loc. = LCCOMB_X51_Y18_N10; Fanout = 2; COMB Node = 'fadder:add1|Add2~1'
        Info: 3: + IC(0.275 ns) + CELL(0.438 ns) = 4.327 ns; Loc. = LCCOMB_X51_Y18_N30; Fanout = 6; COMB Node = 'fadder:add1|Add4~0'
        Info: 4: + IC(0.446 ns) + CELL(0.150 ns) = 4.923 ns; Loc. = LCCOMB_X50_Y18_N16; Fanout = 3; COMB Node = 'fadder:add1|Add5~2'
        Info: 5: + IC(0.270 ns) + CELL(0.414 ns) = 5.607 ns; Loc. = LCCOMB_X50_Y18_N4; Fanout = 1; COMB Node = 'fadder:add1|Add13~5'
        Info: 6: + IC(0.000 ns) + CELL(0.410 ns) = 6.017 ns; Loc. = LCCOMB_X50_Y18_N6; Fanout = 2; COMB Node = 'fadder:add1|Add13~6'
        Info: 7: + IC(0.675 ns) + CELL(0.393 ns) = 7.085 ns; Loc. = LCCOMB_X47_Y18_N12; Fanout = 1; COMB Node = 'fadder:add1|Add15~7'
        Info: 8: + IC(0.000 ns) + CELL(0.410 ns) = 7.495 ns; Loc. = LCCOMB_X47_Y18_N14; Fanout = 1; COMB Node = 'fadder:add1|Add15~8'
        Info: 9: + IC(0.255 ns) + CELL(0.271 ns) = 8.021 ns; Loc. = LCCOMB_X47_Y18_N0; Fanout = 1; COMB Node = 'fadder:add1|Z[4]~38'
        Info: 10: + IC(0.000 ns) + CELL(0.084 ns) = 8.105 ns; Loc. = LCFF_X47_Y18_N1; Fanout = 13; REG Node = 'BIN[4]'
        Info: Total cell delay = 3.719 ns ( 45.89 % )
        Info: Total interconnect delay = 4.386 ns ( 54.11 % )
    Info: + Micro setup delay of destination is -0.036 ns
    Info: - Shortest clock path from clock "KEY" to destination register is 3.434 ns
        Info: 1: + IC(0.000 ns) + CELL(0.862 ns) = 0.862 ns; Loc. = PIN_G26; Fanout = 8; CLK Node = 'KEY'
        Info: 2: + IC(2.035 ns) + CELL(0.537 ns) = 3.434 ns; Loc. = LCFF_X47_Y18_N1; Fanout = 13; REG Node = 'BIN[4]'
        Info: Total cell delay = 1.399 ns ( 40.74 % )
        Info: Total interconnect delay = 2.035 ns ( 59.26 % )
Info: tco from clock "KEY" to destination pin "HEX0[2]" through register "BIN[0]" is 11.666 ns
    Info: + Longest clock path from clock "KEY" to source register is 3.461 ns
        Info: 1: + IC(0.000 ns) + CELL(0.862 ns) = 0.862 ns; Loc. = PIN_G26; Fanout = 8; CLK Node = 'KEY'
        Info: 2: + IC(2.062 ns) + CELL(0.537 ns) = 3.461 ns; Loc. = LCFF_X48_Y18_N19; Fanout = 14; REG Node = 'BIN[0]'
        Info: Total cell delay = 1.399 ns ( 40.42 % )
        Info: Total interconnect delay = 2.062 ns ( 59.58 % )
    Info: + Micro clock to output delay of source is 0.250 ns
    Info: + Longest register to pin delay is 7.955 ns
        Info: 1: + IC(0.000 ns) + CELL(0.000 ns) = 0.000 ns; Loc. = LCFF_X48_Y18_N19; Fanout = 14; REG Node = 'BIN[0]'
        Info: 2: + IC(0.805 ns) + CELL(0.438 ns) = 1.243 ns; Loc. = LCCOMB_X48_Y18_N24; Fanout = 1; COMB Node = 'disp:disp0|HEX[2]~2'
        Info: 3: + IC(3.934 ns) + CELL(2.778 ns) = 7.955 ns; Loc. = PIN_AC12; Fanout = 0; PIN Node = 'HEX0[2]'
        Info: Total cell delay = 3.216 ns ( 40.43 % )
        Info: Total interconnect delay = 4.739 ns ( 59.57 % )
Info: Longest tpd from source pin "SW[3]" to destination pin "HEX2[2]" is 9.092 ns
    Info: 1: + IC(0.000 ns) + CELL(0.999 ns) = 0.999 ns; Loc. = PIN_AE14; Fanout = 13; PIN Node = 'SW[3]'
    Info: 2: + IC(2.008 ns) + CELL(0.275 ns) = 3.282 ns; Loc. = LCCOMB_X51_Y18_N20; Fanout = 1; COMB Node = 'disp:disp2|HEX[2]~2'
    Info: 3: + IC(3.148 ns) + CELL(2.662 ns) = 9.092 ns; Loc. = PIN_AC25; Fanout = 0; PIN Node = 'HEX2[2]'
    Info: Total cell delay = 3.936 ns ( 43.29 % )
    Info: Total interconnect delay = 5.156 ns ( 56.71 % )
Info: th for register "BIN[0]" (data pin = "SW[10]", clock pin = "KEY") is 0.867 ns
    Info: + Longest clock path from clock "KEY" to destination register is 3.461 ns
        Info: 1: + IC(0.000 ns) + CELL(0.862 ns) = 0.862 ns; Loc. = PIN_G26; Fanout = 8; CLK Node = 'KEY'
        Info: 2: + IC(2.062 ns) + CELL(0.537 ns) = 3.461 ns; Loc. = LCFF_X48_Y18_N19; Fanout = 14; REG Node = 'BIN[0]'
        Info: Total cell delay = 1.399 ns ( 40.42 % )
        Info: Total interconnect delay = 2.062 ns ( 59.58 % )
    Info: + Micro hold delay of destination is 0.266 ns
    Info: - Shortest pin to register delay is 2.860 ns
        Info: 1: + IC(0.000 ns) + CELL(0.999 ns) = 0.999 ns; Loc. = PIN_N1; Fanout = 14; PIN Node = 'SW[10]'
        Info: 2: + IC(1.506 ns) + CELL(0.271 ns) = 2.776 ns; Loc. = LCCOMB_X48_Y18_N18; Fanout = 1; COMB Node = 'fadder:add1|Z[0]~18'
        Info: 3: + IC(0.000 ns) + CELL(0.084 ns) = 2.860 ns; Loc. = LCFF_X48_Y18_N19; Fanout = 14; REG Node = 'BIN[0]'
        Info: Total cell delay = 1.354 ns ( 47.34 % )
        Info: Total interconnect delay = 1.506 ns ( 52.66 % )
Info: Quartus II 64-Bit Classic Timing Analyzer was successful. 0 errors, 1 warning
    Info: Peak virtual memory: 238 megabytes
    Info: Processing ended: Wed Oct 18 22:06:06 2017
    Info: Elapsed time: 00:00:01
    Info: Total CPU time (on all processors): 00:00:01


